#! /usr/local/Cellar/icarus-verilog/10.3/bin/vvp
:ivl_version "10.3 (stable)" "(v10_3)";
:ivl_delay_selection "TYPICAL";
:vpi_time_precision - 10;
:vpi_module "system";
:vpi_module "vhdl_sys";
:vpi_module "v2005_math";
:vpi_module "va_math";
S_0x7fdfbbc06440 .scope module, "ins_cache" "ins_cache" 2 4;
 .timescale -9 -10;
    .port_info 0 /INPUT 1 "clock"
    .port_info 1 /INPUT 32 "PC"
    .port_info 2 /INPUT 1 "reset"
    .port_info 3 /OUTPUT 1 "busy_wait"
    .port_info 4 /OUTPUT 32 "cache_Instruction"
    .port_info 5 /OUTPUT 6 "imem_address"
    .port_info 6 /OUTPUT 1 "imem_read"
    .port_info 7 /INPUT 128 "imem_read_data"
    .port_info 8 /INPUT 1 "imem_busy_wait"
P_0x7fdfbbc065a0 .param/l "ALLOCATE" 0 2 75, C4<10>;
P_0x7fdfbbc065e0 .param/l "IDLE" 0 2 75, C4<00>;
P_0x7fdfbbc06620 .param/l "MEM_READ" 0 2 75, C4<01>;
L_0x7fdfbbc2f6f0/d .functor AND 1, L_0x7fdfbbc2f650, v0x7fdfbbc2f430_0, C4<1>, C4<1>;
L_0x7fdfbbc2f6f0 .delay 1 (9,9,9) L_0x7fdfbbc2f6f0/d;
o0x7fdfbbd32008 .functor BUFZ 32, C4<zzzzzzzzzzzzzzzzzzzzzzzzzzzzzzzz>; HiZ drive
v0x7fdfbbc1e1e0_0 .net "PC", 31 0, o0x7fdfbbd32008;  0 drivers
v0x7fdfbbc2deb0_0 .net *"_s1", 4 0, L_0x7fdfbbc2f5b0;  1 drivers
v0x7fdfbbc2df60_0 .net *"_s11", 31 0, L_0x7fdfbbc2f940;  1 drivers
v0x7fdfbbc2e020_0 .net *"_s14", 31 0, L_0x7fdfbbc2fa40;  1 drivers
v0x7fdfbbc2e0d0_0 .net *"_s17", 31 0, L_0x7fdfbbc2fb10;  1 drivers
v0x7fdfbbc2e1c0_0 .net *"_s2", 0 0, L_0x7fdfbbc2f650;  1 drivers
v0x7fdfbbc2e260_0 .net *"_s8", 31 0, L_0x7fdfbbc2f800;  1 drivers
v0x7fdfbbc2e310_0 .var "busy_wait", 0 0;
v0x7fdfbbc2e3b0_0 .var "cache_Instruction", 31 0;
v0x7fdfbbc2e4c0_0 .var "cache_block", 127 0;
v0x7fdfbbc2e570 .array "cache_mem", 0 7, 127 0;
v0x7fdfbbc2e690 .array "cache_tag", 0 7, 4 0;
v0x7fdfbbc2e7f0 .array "cache_valid", 0 7, 0 0;
o0x7fdfbbd32668 .functor BUFZ 1, C4<z>; HiZ drive
v0x7fdfbbc2e940_0 .net "clock", 0 0, o0x7fdfbbd32668;  0 drivers
v0x7fdfbbc2e9e0_0 .net "hit", 0 0, L_0x7fdfbbc2f6f0;  1 drivers
v0x7fdfbbc2ea80_0 .var/i "i", 31 0;
v0x7fdfbbc2eb30_0 .var "imem_address", 5 0;
o0x7fdfbbd32728 .functor BUFZ 1, C4<z>; HiZ drive
v0x7fdfbbc2ece0_0 .net "imem_busy_wait", 0 0, o0x7fdfbbd32728;  0 drivers
v0x7fdfbbc2ed80_0 .var "imem_read", 0 0;
o0x7fdfbbd32788 .functor BUFZ 128, C4<zzzzzzzzzzzzzzzzzzzzzzzzzzzzzzzzzzzzzzzzzzzzzzzzzzzzzzzzzzzzzzzzzzzzzzzzzzzzzzzzzzzzzzzzzzzzzzzzzzzzzzzzzzzzzzzzzzzzzzzzzzzzzzzz>; HiZ drive
v0x7fdfbbc2ee20_0 .net "imem_read_data", 127 0, o0x7fdfbbd32788;  0 drivers
v0x7fdfbbc2eed0_0 .var "index", 2 0;
v0x7fdfbbc2ef80_0 .var "instruction", 31 0;
v0x7fdfbbc2f030_0 .var "nextstate", 1 0;
v0x7fdfbbc2f0e0_0 .var "offset", 1 0;
v0x7fdfbbc2f190_0 .var "read_access", 0 0;
o0x7fdfbbd328a8 .functor BUFZ 1, C4<z>; HiZ drive
v0x7fdfbbc2f230_0 .net "reset", 0 0, o0x7fdfbbd328a8;  0 drivers
v0x7fdfbbc2f2d0_0 .var "state", 1 0;
v0x7fdfbbc2f380_0 .var "tag", 4 0;
v0x7fdfbbc2f430_0 .var "valid", 0 0;
E_0x7fdfbbc167f0 .event edge, v0x7fdfbbc1e1e0_0;
E_0x7fdfbbc0b5a0 .event posedge, v0x7fdfbbc2e940_0;
E_0x7fdfbbc0b4c0/0 .event edge, v0x7fdfbbc2f230_0;
E_0x7fdfbbc0b4c0/1 .event posedge, v0x7fdfbbc2e940_0;
E_0x7fdfbbc0b4c0 .event/or E_0x7fdfbbc0b4c0/0, E_0x7fdfbbc0b4c0/1;
E_0x7fdfbbc0b3e0 .event edge, v0x7fdfbbc2ef80_0;
v0x7fdfbbc2e570_0 .array/port v0x7fdfbbc2e570, 0;
v0x7fdfbbc2e570_1 .array/port v0x7fdfbbc2e570, 1;
E_0x7fdfbbc07530/0 .event edge, v0x7fdfbbc2f190_0, v0x7fdfbbc1e1e0_0, v0x7fdfbbc2e570_0, v0x7fdfbbc2e570_1;
v0x7fdfbbc2e570_2 .array/port v0x7fdfbbc2e570, 2;
v0x7fdfbbc2e570_3 .array/port v0x7fdfbbc2e570, 3;
v0x7fdfbbc2e570_4 .array/port v0x7fdfbbc2e570, 4;
v0x7fdfbbc2e570_5 .array/port v0x7fdfbbc2e570, 5;
E_0x7fdfbbc07530/1 .event edge, v0x7fdfbbc2e570_2, v0x7fdfbbc2e570_3, v0x7fdfbbc2e570_4, v0x7fdfbbc2e570_5;
v0x7fdfbbc2e570_6 .array/port v0x7fdfbbc2e570, 6;
v0x7fdfbbc2e570_7 .array/port v0x7fdfbbc2e570, 7;
v0x7fdfbbc2e690_0 .array/port v0x7fdfbbc2e690, 0;
v0x7fdfbbc2e690_1 .array/port v0x7fdfbbc2e690, 1;
E_0x7fdfbbc07530/2 .event edge, v0x7fdfbbc2e570_6, v0x7fdfbbc2e570_7, v0x7fdfbbc2e690_0, v0x7fdfbbc2e690_1;
v0x7fdfbbc2e690_2 .array/port v0x7fdfbbc2e690, 2;
v0x7fdfbbc2e690_3 .array/port v0x7fdfbbc2e690, 3;
v0x7fdfbbc2e690_4 .array/port v0x7fdfbbc2e690, 4;
v0x7fdfbbc2e690_5 .array/port v0x7fdfbbc2e690, 5;
E_0x7fdfbbc07530/3 .event edge, v0x7fdfbbc2e690_2, v0x7fdfbbc2e690_3, v0x7fdfbbc2e690_4, v0x7fdfbbc2e690_5;
v0x7fdfbbc2e690_6 .array/port v0x7fdfbbc2e690, 6;
v0x7fdfbbc2e690_7 .array/port v0x7fdfbbc2e690, 7;
v0x7fdfbbc2e7f0_0 .array/port v0x7fdfbbc2e7f0, 0;
v0x7fdfbbc2e7f0_1 .array/port v0x7fdfbbc2e7f0, 1;
E_0x7fdfbbc07530/4 .event edge, v0x7fdfbbc2e690_6, v0x7fdfbbc2e690_7, v0x7fdfbbc2e7f0_0, v0x7fdfbbc2e7f0_1;
v0x7fdfbbc2e7f0_2 .array/port v0x7fdfbbc2e7f0, 2;
v0x7fdfbbc2e7f0_3 .array/port v0x7fdfbbc2e7f0, 3;
v0x7fdfbbc2e7f0_4 .array/port v0x7fdfbbc2e7f0, 4;
v0x7fdfbbc2e7f0_5 .array/port v0x7fdfbbc2e7f0, 5;
E_0x7fdfbbc07530/5 .event edge, v0x7fdfbbc2e7f0_2, v0x7fdfbbc2e7f0_3, v0x7fdfbbc2e7f0_4, v0x7fdfbbc2e7f0_5;
v0x7fdfbbc2e7f0_6 .array/port v0x7fdfbbc2e7f0, 6;
v0x7fdfbbc2e7f0_7 .array/port v0x7fdfbbc2e7f0, 7;
E_0x7fdfbbc07530/6 .event edge, v0x7fdfbbc2e7f0_6, v0x7fdfbbc2e7f0_7;
E_0x7fdfbbc07530 .event/or E_0x7fdfbbc07530/0, E_0x7fdfbbc07530/1, E_0x7fdfbbc07530/2, E_0x7fdfbbc07530/3, E_0x7fdfbbc07530/4, E_0x7fdfbbc07530/5, E_0x7fdfbbc07530/6;
E_0x7fdfbbc08470 .event edge, v0x7fdfbbc2f2d0_0, v0x7fdfbbc1e1e0_0, v0x7fdfbbc2ee20_0, v0x7fdfbbc2eed0_0;
E_0x7fdfbbc07b90 .event edge, v0x7fdfbbc2f2d0_0, v0x7fdfbbc2e9e0_0, v0x7fdfbbc2ece0_0, v0x7fdfbbc2f030_0;
E_0x7fdfbbc06fd0/0 .event edge, v0x7fdfbbc2f0e0_0, L_0x7fdfbbc2fb10, L_0x7fdfbbc2fa40, L_0x7fdfbbc2f940;
E_0x7fdfbbc06fd0/1 .event edge, L_0x7fdfbbc2f800;
E_0x7fdfbbc06fd0 .event/or E_0x7fdfbbc06fd0/0, E_0x7fdfbbc06fd0/1;
L_0x7fdfbbc2f5b0 .part o0x7fdfbbd32008, 7, 5;
L_0x7fdfbbc2f650 .cmp/eq 5, v0x7fdfbbc2f380_0, L_0x7fdfbbc2f5b0;
L_0x7fdfbbc2f800 .part v0x7fdfbbc2e4c0_0, 0, 32;
L_0x7fdfbbc2f940 .part v0x7fdfbbc2e4c0_0, 32, 32;
L_0x7fdfbbc2fa40 .part v0x7fdfbbc2e4c0_0, 64, 32;
L_0x7fdfbbc2fb10 .part v0x7fdfbbc2e4c0_0, 96, 32;
    .scope S_0x7fdfbbc06440;
T_0 ;
    %wait E_0x7fdfbbc06fd0;
    %delay 10, 0;
    %load/vec4 v0x7fdfbbc2f0e0_0;
    %dup/vec4;
    %pushi/vec4 0, 0, 2;
    %cmp/u;
    %jmp/1 T_0.0, 6;
    %dup/vec4;
    %pushi/vec4 1, 0, 2;
    %cmp/u;
    %jmp/1 T_0.1, 6;
    %dup/vec4;
    %pushi/vec4 2, 0, 2;
    %cmp/u;
    %jmp/1 T_0.2, 6;
    %dup/vec4;
    %pushi/vec4 3, 0, 2;
    %cmp/u;
    %jmp/1 T_0.3, 6;
    %jmp T_0.4;
T_0.0 ;
    %load/vec4 v0x7fdfbbc2e4c0_0;
    %parti/s 32, 0, 2;
    %store/vec4 v0x7fdfbbc2ef80_0, 0, 32;
    %jmp T_0.4;
T_0.1 ;
    %load/vec4 v0x7fdfbbc2e4c0_0;
    %parti/s 32, 32, 7;
    %store/vec4 v0x7fdfbbc2ef80_0, 0, 32;
    %jmp T_0.4;
T_0.2 ;
    %load/vec4 v0x7fdfbbc2e4c0_0;
    %parti/s 32, 64, 8;
    %store/vec4 v0x7fdfbbc2ef80_0, 0, 32;
    %jmp T_0.4;
T_0.3 ;
    %load/vec4 v0x7fdfbbc2e4c0_0;
    %parti/s 32, 96, 8;
    %store/vec4 v0x7fdfbbc2ef80_0, 0, 32;
    %jmp T_0.4;
T_0.4 ;
    %pop/vec4 1;
    %load/vec4 v0x7fdfbbc1e1e0_0;
    %cmpi/e 4294967292, 0, 32;
    %jmp/0xz  T_0.5, 4;
    %pushi/vec4 4294967295, 4294967295, 32;
    %store/vec4 v0x7fdfbbc2ef80_0, 0, 32;
T_0.5 ;
    %jmp T_0;
    .thread T_0, $push;
    .scope S_0x7fdfbbc06440;
T_1 ;
    %wait E_0x7fdfbbc07b90;
    %load/vec4 v0x7fdfbbc2f2d0_0;
    %dup/vec4;
    %pushi/vec4 0, 0, 2;
    %cmp/u;
    %jmp/1 T_1.0, 6;
    %dup/vec4;
    %pushi/vec4 1, 0, 2;
    %cmp/u;
    %jmp/1 T_1.1, 6;
    %dup/vec4;
    %pushi/vec4 2, 0, 2;
    %cmp/u;
    %jmp/1 T_1.2, 6;
    %jmp T_1.3;
T_1.0 ;
    %load/vec4 v0x7fdfbbc2e9e0_0;
    %flag_set/vec4 8;
    %jmp/0xz  T_1.4, 8;
    %pushi/vec4 0, 0, 2;
    %store/vec4 v0x7fdfbbc2f030_0, 0, 2;
    %jmp T_1.5;
T_1.4 ;
    %pushi/vec4 1, 0, 2;
    %store/vec4 v0x7fdfbbc2f030_0, 0, 2;
T_1.5 ;
    %jmp T_1.3;
T_1.1 ;
    %load/vec4 v0x7fdfbbc2ece0_0;
    %flag_set/vec4 8;
    %jmp/0xz  T_1.6, 8;
    %pushi/vec4 1, 0, 2;
    %store/vec4 v0x7fdfbbc2f030_0, 0, 2;
    %jmp T_1.7;
T_1.6 ;
    %pushi/vec4 2, 0, 2;
    %store/vec4 v0x7fdfbbc2f030_0, 0, 2;
T_1.7 ;
    %jmp T_1.3;
T_1.2 ;
    %pushi/vec4 0, 0, 2;
    %store/vec4 v0x7fdfbbc2f030_0, 0, 2;
    %jmp T_1.3;
T_1.3 ;
    %pop/vec4 1;
    %load/vec4 v0x7fdfbbc2e9e0_0;
    %pushi/vec4 0, 0, 1;
    %cmp/e;
    %flag_get/vec4 4;
    %load/vec4 v0x7fdfbbc2f030_0;
    %pushi/vec4 1, 0, 2;
    %cmp/e;
    %flag_get/vec4 4;
    %and;
    %flag_set/vec4 8;
    %jmp/0xz  T_1.8, 8;
    %pushi/vec4 1, 0, 1;
    %store/vec4 v0x7fdfbbc2ed80_0, 0, 1;
T_1.8 ;
    %jmp T_1;
    .thread T_1, $push;
    .scope S_0x7fdfbbc06440;
T_2 ;
    %wait E_0x7fdfbbc08470;
    %load/vec4 v0x7fdfbbc2f2d0_0;
    %dup/vec4;
    %pushi/vec4 0, 0, 2;
    %cmp/u;
    %jmp/1 T_2.0, 6;
    %dup/vec4;
    %pushi/vec4 1, 0, 2;
    %cmp/u;
    %jmp/1 T_2.1, 6;
    %dup/vec4;
    %pushi/vec4 2, 0, 2;
    %cmp/u;
    %jmp/1 T_2.2, 6;
    %jmp T_2.3;
T_2.0 ;
    %pushi/vec4 0, 0, 1;
    %store/vec4 v0x7fdfbbc2ed80_0, 0, 1;
    %pushi/vec4 63, 63, 6;
    %store/vec4 v0x7fdfbbc2eb30_0, 0, 6;
    %jmp T_2.3;
T_2.1 ;
    %load/vec4 v0x7fdfbbc1e1e0_0;
    %parti/s 6, 4, 4;
    %store/vec4 v0x7fdfbbc2eb30_0, 0, 6;
    %jmp T_2.3;
T_2.2 ;
    %pushi/vec4 0, 0, 1;
    %store/vec4 v0x7fdfbbc2ed80_0, 0, 1;
    %delay 10, 0;
    %load/vec4 v0x7fdfbbc2ee20_0;
    %load/vec4 v0x7fdfbbc2eed0_0;
    %pad/u 5;
    %ix/vec4 4;
    %store/vec4a v0x7fdfbbc2e570, 4, 0;
    %load/vec4 v0x7fdfbbc1e1e0_0;
    %parti/s 5, 7, 4;
    %load/vec4 v0x7fdfbbc2eed0_0;
    %pad/u 5;
    %ix/vec4 4;
    %store/vec4a v0x7fdfbbc2e690, 4, 0;
    %pushi/vec4 1, 0, 1;
    %load/vec4 v0x7fdfbbc2eed0_0;
    %pad/u 5;
    %ix/vec4 4;
    %store/vec4a v0x7fdfbbc2e7f0, 4, 0;
    %delay 19, 0;
    %pushi/vec4 0, 0, 1;
    %store/vec4 v0x7fdfbbc2e310_0, 0, 1;
    %jmp T_2.3;
T_2.3 ;
    %pop/vec4 1;
    %jmp T_2;
    .thread T_2, $push;
    .scope S_0x7fdfbbc06440;
T_3 ;
    %wait E_0x7fdfbbc07530;
    %load/vec4 v0x7fdfbbc2f190_0;
    %cmpi/e 1, 0, 1;
    %jmp/0xz  T_3.0, 4;
    %delay 10, 0;
    %load/vec4 v0x7fdfbbc1e1e0_0;
    %parti/s 3, 4, 4;
    %pad/u 5;
    %ix/vec4 4;
    %load/vec4a v0x7fdfbbc2e570, 4;
    %store/vec4 v0x7fdfbbc2e4c0_0, 0, 128;
    %load/vec4 v0x7fdfbbc1e1e0_0;
    %parti/s 3, 4, 4;
    %pad/u 5;
    %ix/vec4 4;
    %load/vec4a v0x7fdfbbc2e690, 4;
    %store/vec4 v0x7fdfbbc2f380_0, 0, 5;
    %load/vec4 v0x7fdfbbc1e1e0_0;
    %parti/s 3, 4, 4;
    %pad/u 5;
    %ix/vec4 4;
    %load/vec4a v0x7fdfbbc2e7f0, 4;
    %store/vec4 v0x7fdfbbc2f430_0, 0, 1;
    %load/vec4 v0x7fdfbbc1e1e0_0;
    %parti/s 3, 4, 4;
    %store/vec4 v0x7fdfbbc2eed0_0, 0, 3;
    %load/vec4 v0x7fdfbbc1e1e0_0;
    %parti/s 2, 2, 3;
    %store/vec4 v0x7fdfbbc2f0e0_0, 0, 2;
T_3.0 ;
    %jmp T_3;
    .thread T_3, $push;
    .scope S_0x7fdfbbc06440;
T_4 ;
    %wait E_0x7fdfbbc0b3e0;
    %load/vec4 v0x7fdfbbc2e9e0_0;
    %cmpi/e 1, 0, 1;
    %jmp/0xz  T_4.0, 4;
    %load/vec4 v0x7fdfbbc2ef80_0;
    %store/vec4 v0x7fdfbbc2e3b0_0, 0, 32;
    %pushi/vec4 0, 0, 1;
    %store/vec4 v0x7fdfbbc2f190_0, 0, 1;
T_4.0 ;
    %jmp T_4;
    .thread T_4, $push;
    .scope S_0x7fdfbbc06440;
T_5 ;
    %wait E_0x7fdfbbc0b4c0;
    %load/vec4 v0x7fdfbbc2f230_0;
    %flag_set/vec4 8;
    %jmp/0xz  T_5.0, 8;
    %pushi/vec4 0, 0, 2;
    %store/vec4 v0x7fdfbbc2f2d0_0, 0, 2;
    %pushi/vec4 0, 0, 1;
    %store/vec4 v0x7fdfbbc2e310_0, 0, 1;
    %delay 10, 0;
    %pushi/vec4 0, 0, 32;
    %store/vec4 v0x7fdfbbc2ea80_0, 0, 32;
T_5.2 ;
    %load/vec4 v0x7fdfbbc2ea80_0;
    %cmpi/s 7, 0, 32;
    %flag_or 5, 4;
    %jmp/0xz T_5.3, 5;
    %pushi/vec4 0, 0, 128;
    %ix/getv/s 4, v0x7fdfbbc2ea80_0;
    %store/vec4a v0x7fdfbbc2e570, 4, 0;
    %pushi/vec4 0, 0, 1;
    %ix/getv/s 4, v0x7fdfbbc2ea80_0;
    %store/vec4a v0x7fdfbbc2e7f0, 4, 0;
    %pushi/vec4 0, 0, 5;
    %ix/getv/s 4, v0x7fdfbbc2ea80_0;
    %store/vec4a v0x7fdfbbc2e690, 4, 0;
    %load/vec4 v0x7fdfbbc2ea80_0;
    %addi 1, 0, 32;
    %store/vec4 v0x7fdfbbc2ea80_0, 0, 32;
    %jmp T_5.2;
T_5.3 ;
    %jmp T_5.1;
T_5.0 ;
    %load/vec4 v0x7fdfbbc2f030_0;
    %store/vec4 v0x7fdfbbc2f2d0_0, 0, 2;
T_5.1 ;
    %jmp T_5;
    .thread T_5;
    .scope S_0x7fdfbbc06440;
T_6 ;
    %wait E_0x7fdfbbc0b5a0;
    %load/vec4 v0x7fdfbbc2e9e0_0;
    %cmpi/e 1, 0, 1;
    %flag_mov 8, 4;
    %load/vec4 v0x7fdfbbc1e1e0_0;
    %cmpi/e 4294967292, 0, 32;
    %flag_or 4, 8;
    %jmp/0xz  T_6.0, 4;
    %pushi/vec4 0, 0, 1;
    %store/vec4 v0x7fdfbbc2e310_0, 0, 1;
    %jmp T_6.1;
T_6.0 ;
    %pushi/vec4 1, 0, 1;
    %store/vec4 v0x7fdfbbc2e310_0, 0, 1;
T_6.1 ;
    %jmp T_6;
    .thread T_6;
    .scope S_0x7fdfbbc06440;
T_7 ;
    %wait E_0x7fdfbbc167f0;
    %pushi/vec4 1, 0, 1;
    %store/vec4 v0x7fdfbbc2f190_0, 0, 1;
    %load/vec4 v0x7fdfbbc1e1e0_0;
    %cmpi/e 4294967292, 0, 32;
    %jmp/0xz  T_7.0, 4;
    %pushi/vec4 0, 0, 1;
    %store/vec4 v0x7fdfbbc2e310_0, 0, 1;
    %pushi/vec4 0, 0, 1;
    %store/vec4 v0x7fdfbbc2f190_0, 0, 1;
T_7.0 ;
    %jmp T_7;
    .thread T_7, $push;
# The file index is used to find the file name in the following table.
:file_names 3;
    "N/A";
    "<interactive>";
    "ins_cache.v";
