#! /usr/local/Cellar/icarus-verilog/10.3/bin/vvp
:ivl_version "10.3 (stable)" "(v10_3)";
:ivl_delay_selection "TYPICAL";
:vpi_time_precision + 0;
:vpi_module "system";
:vpi_module "vhdl_sys";
:vpi_module "v2005_math";
:vpi_module "va_math";
S_0x7fe84d804220 .scope module, "reg_file" "reg_file" 2 2;
 .timescale 0 0;
    .port_info 0 /INPUT 8 "IN"
    .port_info 1 /OUTPUT 8 "OUT1"
    .port_info 2 /OUTPUT 8 "OUT2"
    .port_info 3 /INPUT 3 "INADDRESS"
    .port_info 4 /INPUT 3 "OUT1ADDRESS"
    .port_info 5 /INPUT 3 "OUT2ADDRESS"
    .port_info 6 /INPUT 1 "WRITE"
    .port_info 7 /INPUT 1 "CLK"
    .port_info 8 /INPUT 1 "RESET"
o0x7fe84bd32008 .functor BUFZ 1, C4<z>; HiZ drive
v0x7fe84d804520_0 .net "CLK", 0 0, o0x7fe84bd32008;  0 drivers
o0x7fe84bd32038 .functor BUFZ 8, C4<zzzzzzzz>; HiZ drive
v0x7fe84bf131a0_0 .net "IN", 7 0, o0x7fe84bd32038;  0 drivers
o0x7fe84bd32068 .functor BUFZ 3, C4<zzz>; HiZ drive
v0x7fe84bf13260_0 .net "INADDRESS", 2 0, o0x7fe84bd32068;  0 drivers
v0x7fe84bf13310_0 .var "OUT1", 7 0;
o0x7fe84bd320c8 .functor BUFZ 3, C4<zzz>; HiZ drive
v0x7fe84bf133a0_0 .net "OUT1ADDRESS", 2 0, o0x7fe84bd320c8;  0 drivers
v0x7fe84bf13490_0 .var "OUT2", 7 0;
o0x7fe84bd32128 .functor BUFZ 3, C4<zzz>; HiZ drive
v0x7fe84bf13540_0 .net "OUT2ADDRESS", 2 0, o0x7fe84bd32128;  0 drivers
o0x7fe84bd32158 .functor BUFZ 1, C4<z>; HiZ drive
v0x7fe84bf135f0_0 .net "RESET", 0 0, o0x7fe84bd32158;  0 drivers
o0x7fe84bd32188 .functor BUFZ 1, C4<z>; HiZ drive
v0x7fe84bf13690_0 .net "WRITE", 0 0, o0x7fe84bd32188;  0 drivers
v0x7fe84bf137a0_0 .var/i "i", 31 0;
v0x7fe84bf13840 .array "registers", 0 7, 7 0;
E_0x7fe84d8044c0 .event edge, v0x7fe84bf13690_0, v0x7fe84bf135f0_0, v0x7fe84bf13540_0, v0x7fe84bf133a0_0;
E_0x7fe84d8044f0 .event posedge, v0x7fe84d804520_0;
    .scope S_0x7fe84d804220;
T_0 ;
    %wait E_0x7fe84d8044f0;
    %load/vec4 v0x7fe84bf135f0_0;
    %flag_set/vec4 8;
    %jmp/0xz  T_0.0, 8;
    %pushi/vec4 0, 0, 32;
    %store/vec4 v0x7fe84bf137a0_0, 0, 32;
T_0.2 ;
    %load/vec4 v0x7fe84bf137a0_0;
    %cmpi/s 7, 0, 32;
    %flag_or 5, 4;
    %jmp/0xz T_0.3, 5;
    %pushi/vec4 1, 0, 8;
    %ix/load 3, 0, 0;
    %flag_set/imm 4, 0;
    %ix/load 4, 1, 0; Constant delay
    %assign/vec4/a/d v0x7fe84bf13840, 0, 4;
    %pushi/vec4 2, 0, 8;
    %ix/load 3, 1, 0;
    %flag_set/imm 4, 0;
    %ix/load 4, 1, 0; Constant delay
    %assign/vec4/a/d v0x7fe84bf13840, 0, 4;
    %pushi/vec4 3, 0, 8;
    %ix/load 3, 2, 0;
    %flag_set/imm 4, 0;
    %ix/load 4, 1, 0; Constant delay
    %assign/vec4/a/d v0x7fe84bf13840, 0, 4;
    %pushi/vec4 4, 0, 8;
    %ix/load 3, 3, 0;
    %flag_set/imm 4, 0;
    %ix/load 4, 1, 0; Constant delay
    %assign/vec4/a/d v0x7fe84bf13840, 0, 4;
    %pushi/vec4 5, 0, 8;
    %ix/load 3, 4, 0;
    %flag_set/imm 4, 0;
    %ix/load 4, 1, 0; Constant delay
    %assign/vec4/a/d v0x7fe84bf13840, 0, 4;
    %pushi/vec4 6, 0, 8;
    %ix/load 3, 5, 0;
    %flag_set/imm 4, 0;
    %ix/load 4, 1, 0; Constant delay
    %assign/vec4/a/d v0x7fe84bf13840, 0, 4;
    %pushi/vec4 7, 0, 8;
    %ix/load 3, 6, 0;
    %flag_set/imm 4, 0;
    %ix/load 4, 1, 0; Constant delay
    %assign/vec4/a/d v0x7fe84bf13840, 0, 4;
    %pushi/vec4 8, 0, 8;
    %ix/load 3, 7, 0;
    %flag_set/imm 4, 0;
    %ix/load 4, 1, 0; Constant delay
    %assign/vec4/a/d v0x7fe84bf13840, 0, 4;
    %load/vec4 v0x7fe84bf137a0_0;
    %addi 1, 0, 32;
    %store/vec4 v0x7fe84bf137a0_0, 0, 32;
    %jmp T_0.2;
T_0.3 ;
T_0.0 ;
    %load/vec4 v0x7fe84bf135f0_0;
    %nor/r;
    %load/vec4 v0x7fe84bf13690_0;
    %and;
    %flag_set/vec4 8;
    %jmp/0xz  T_0.4, 8;
    %load/vec4 v0x7fe84bf131a0_0;
    %load/vec4 v0x7fe84bf13260_0;
    %pad/u 5;
    %ix/vec4 3;
    %ix/load 4, 1, 0; Constant delay
    %assign/vec4/a/d v0x7fe84bf13840, 0, 4;
T_0.4 ;
    %jmp T_0;
    .thread T_0;
    .scope S_0x7fe84d804220;
T_1 ;
    %wait E_0x7fe84d8044c0;
    %load/vec4 v0x7fe84bf13690_0;
    %nor/r;
    %flag_set/vec4 8;
    %jmp/0xz  T_1.0, 8;
    %load/vec4 v0x7fe84bf133a0_0;
    %pad/u 5;
    %ix/vec4 4;
    %load/vec4a v0x7fe84bf13840, 4;
    %assign/vec4 v0x7fe84bf13310_0, 2;
    %load/vec4 v0x7fe84bf13540_0;
    %pad/u 5;
    %ix/vec4 4;
    %load/vec4a v0x7fe84bf13840, 4;
    %assign/vec4 v0x7fe84bf13490_0, 2;
T_1.0 ;
    %jmp T_1;
    .thread T_1, $push;
# The file index is used to find the file name in the following table.
:file_names 3;
    "N/A";
    "<interactive>";
    "Part2.v";
