#! /usr/local/Cellar/icarus-verilog/10.3/bin/vvp
:ivl_version "10.3 (stable)" "(v10_3)";
:ivl_delay_selection "TYPICAL";
:vpi_time_precision - 10;
:vpi_module "system";
:vpi_module "vhdl_sys";
:vpi_module "v2005_math";
:vpi_module "va_math";
S_0x7fc16ec162d0 .scope module, "data_cache" "data_cache" 2 4;
 .timescale -9 -10;
    .port_info 0 /INPUT 1 "clock"
    .port_info 1 /INPUT 1 "reset"
    .port_info 2 /INPUT 1 "read"
    .port_info 3 /INPUT 1 "write"
    .port_info 4 /INPUT 8 "address"
    .port_info 5 /INPUT 8 "write_data"
    .port_info 6 /OUTPUT 8 "read_data"
    .port_info 7 /OUTPUT 1 "busy_wait"
    .port_info 8 /OUTPUT 1 "mem_read"
    .port_info 9 /OUTPUT 1 "mem_write"
    .port_info 10 /OUTPUT 6 "mem_address"
    .port_info 11 /OUTPUT 32 "mem_write_data"
    .port_info 12 /INPUT 32 "mem_read_data"
    .port_info 13 /INPUT 1 "mem_busy_wait"
P_0x7fc16ec16430 .param/l "ALLOCATE" 0 2 144, C4<011>;
P_0x7fc16ec16470 .param/l "IDLE" 0 2 144, C4<000>;
P_0x7fc16ec164b0 .param/l "MEM_READ" 0 2 144, C4<010>;
P_0x7fc16ec164f0 .param/l "MEM_WRITE" 0 2 144, C4<001>;
L_0x7fc16ee14a80/d .functor AND 1, L_0x7fc16ee149a0, v0x7fc16ee13860_0, C4<1>, C4<1>;
L_0x7fc16ee14a80 .delay 1 (9,9,9) L_0x7fc16ee14a80/d;
v0x7fc16ec16890_0 .net *"_s1", 2 0, L_0x7fc16ee148e0;  1 drivers
v0x7fc16ee12b00_0 .net *"_s11", 7 0, L_0x7fc16ee14cb0;  1 drivers
v0x7fc16ee12bc0_0 .net *"_s14", 7 0, L_0x7fc16ee14db0;  1 drivers
v0x7fc16ee12c70_0 .net *"_s17", 7 0, L_0x7fc16ee14e80;  1 drivers
v0x7fc16ee12d00_0 .net *"_s2", 0 0, L_0x7fc16ee149a0;  1 drivers
v0x7fc16ee12da0_0 .net *"_s8", 7 0, L_0x7fc16ee14b70;  1 drivers
o0x7fc16ed32128 .functor BUFZ 8, C4<zzzzzzzz>; HiZ drive
v0x7fc16ee12e50_0 .net "address", 7 0, o0x7fc16ed32128;  0 drivers
v0x7fc16ee12f00_0 .var "busy_wait", 0 0;
v0x7fc16ee12fa0_0 .var "cache_block", 31 0;
v0x7fc16ee130b0 .array "cache_dirty", 0 7, 0 0;
v0x7fc16ee131c0 .array "cache_mem", 0 7, 31 0;
v0x7fc16ee13320 .array "cache_tag", 0 7, 2 0;
v0x7fc16ee13480 .array "cache_valid", 0 7, 0 0;
o0x7fc16ed327b8 .functor BUFZ 1, C4<z>; HiZ drive
v0x7fc16ee135d0_0 .net "clock", 0 0, o0x7fc16ed327b8;  0 drivers
v0x7fc16ee13670_0 .var "dirty", 0 0;
v0x7fc16ee13710_0 .net "hit", 0 0, L_0x7fc16ee14a80;  1 drivers
v0x7fc16ee137b0_0 .var/i "i", 31 0;
v0x7fc16ee13960_0 .var/i "idx", 31 0;
v0x7fc16ee13a10_0 .var "index", 2 0;
v0x7fc16ee13ac0_0 .var "mem_address", 5 0;
o0x7fc16ed32908 .functor BUFZ 1, C4<z>; HiZ drive
v0x7fc16ee13b70_0 .net "mem_busy_wait", 0 0, o0x7fc16ed32908;  0 drivers
v0x7fc16ee13c10_0 .var "mem_read", 0 0;
o0x7fc16ed32968 .functor BUFZ 32, C4<zzzzzzzzzzzzzzzzzzzzzzzzzzzzzzzz>; HiZ drive
v0x7fc16ee13cb0_0 .net "mem_read_data", 31 0, o0x7fc16ed32968;  0 drivers
v0x7fc16ee13d60_0 .var "mem_write", 0 0;
v0x7fc16ee13e00_0 .var "mem_write_data", 31 0;
v0x7fc16ee13eb0_0 .var "next_state", 2 0;
v0x7fc16ee13f60_0 .var "offset", 1 0;
o0x7fc16ed32a58 .functor BUFZ 1, C4<z>; HiZ drive
v0x7fc16ee14010_0 .net "read", 0 0, o0x7fc16ed32a58;  0 drivers
v0x7fc16ee140b0_0 .var "read_access", 0 0;
v0x7fc16ee14150_0 .var "read_data", 7 0;
o0x7fc16ed32ae8 .functor BUFZ 1, C4<z>; HiZ drive
v0x7fc16ee14200_0 .net "reset", 0 0, o0x7fc16ed32ae8;  0 drivers
v0x7fc16ee142a0_0 .var "state", 2 0;
v0x7fc16ee14350_0 .var "tag", 2 0;
v0x7fc16ee13860_0 .var "valid", 0 0;
o0x7fc16ed32ba8 .functor BUFZ 1, C4<z>; HiZ drive
v0x7fc16ee145e0_0 .net "write", 0 0, o0x7fc16ed32ba8;  0 drivers
v0x7fc16ee14670_0 .var "write_access", 0 0;
o0x7fc16ed32c08 .functor BUFZ 8, C4<zzzzzzzz>; HiZ drive
v0x7fc16ee14700_0 .net "write_data", 7 0, o0x7fc16ed32c08;  0 drivers
E_0x7fc16ec066e0/0 .event edge, v0x7fc16ee14200_0;
E_0x7fc16ec066e0/1 .event posedge, v0x7fc16ee135d0_0;
E_0x7fc16ec066e0 .event/or E_0x7fc16ec066e0/0, E_0x7fc16ec066e0/1;
E_0x7fc16ec08100/0 .event edge, v0x7fc16ee142a0_0, v0x7fc16ee14350_0, v0x7fc16ee13a10_0, v0x7fc16ee12fa0_0;
E_0x7fc16ec08100/1 .event edge, v0x7fc16ee13cb0_0, v0x7fc16ee12e50_0;
E_0x7fc16ec08100 .event/or E_0x7fc16ec08100/0, E_0x7fc16ec08100/1;
E_0x7fc16ec09250/0 .event edge, v0x7fc16ee142a0_0, v0x7fc16ee14010_0, v0x7fc16ee145e0_0, v0x7fc16ee13670_0;
E_0x7fc16ec09250/1 .event edge, v0x7fc16ee13710_0, v0x7fc16ee13b70_0;
E_0x7fc16ec09250 .event/or E_0x7fc16ec09250/0, E_0x7fc16ec09250/1;
v0x7fc16ee131c0_0 .array/port v0x7fc16ee131c0, 0;
E_0x7fc16ec081e0/0 .event edge, v0x7fc16ee140b0_0, v0x7fc16ee14670_0, v0x7fc16ee12e50_0, v0x7fc16ee131c0_0;
v0x7fc16ee131c0_1 .array/port v0x7fc16ee131c0, 1;
v0x7fc16ee131c0_2 .array/port v0x7fc16ee131c0, 2;
v0x7fc16ee131c0_3 .array/port v0x7fc16ee131c0, 3;
v0x7fc16ee131c0_4 .array/port v0x7fc16ee131c0, 4;
E_0x7fc16ec081e0/1 .event edge, v0x7fc16ee131c0_1, v0x7fc16ee131c0_2, v0x7fc16ee131c0_3, v0x7fc16ee131c0_4;
v0x7fc16ee131c0_5 .array/port v0x7fc16ee131c0, 5;
v0x7fc16ee131c0_6 .array/port v0x7fc16ee131c0, 6;
v0x7fc16ee131c0_7 .array/port v0x7fc16ee131c0, 7;
v0x7fc16ee13320_0 .array/port v0x7fc16ee13320, 0;
E_0x7fc16ec081e0/2 .event edge, v0x7fc16ee131c0_5, v0x7fc16ee131c0_6, v0x7fc16ee131c0_7, v0x7fc16ee13320_0;
v0x7fc16ee13320_1 .array/port v0x7fc16ee13320, 1;
v0x7fc16ee13320_2 .array/port v0x7fc16ee13320, 2;
v0x7fc16ee13320_3 .array/port v0x7fc16ee13320, 3;
v0x7fc16ee13320_4 .array/port v0x7fc16ee13320, 4;
E_0x7fc16ec081e0/3 .event edge, v0x7fc16ee13320_1, v0x7fc16ee13320_2, v0x7fc16ee13320_3, v0x7fc16ee13320_4;
v0x7fc16ee13320_5 .array/port v0x7fc16ee13320, 5;
v0x7fc16ee13320_6 .array/port v0x7fc16ee13320, 6;
v0x7fc16ee13320_7 .array/port v0x7fc16ee13320, 7;
v0x7fc16ee130b0_0 .array/port v0x7fc16ee130b0, 0;
E_0x7fc16ec081e0/4 .event edge, v0x7fc16ee13320_5, v0x7fc16ee13320_6, v0x7fc16ee13320_7, v0x7fc16ee130b0_0;
v0x7fc16ee130b0_1 .array/port v0x7fc16ee130b0, 1;
v0x7fc16ee130b0_2 .array/port v0x7fc16ee130b0, 2;
v0x7fc16ee130b0_3 .array/port v0x7fc16ee130b0, 3;
v0x7fc16ee130b0_4 .array/port v0x7fc16ee130b0, 4;
E_0x7fc16ec081e0/5 .event edge, v0x7fc16ee130b0_1, v0x7fc16ee130b0_2, v0x7fc16ee130b0_3, v0x7fc16ee130b0_4;
v0x7fc16ee130b0_5 .array/port v0x7fc16ee130b0, 5;
v0x7fc16ee130b0_6 .array/port v0x7fc16ee130b0, 6;
v0x7fc16ee130b0_7 .array/port v0x7fc16ee130b0, 7;
v0x7fc16ee13480_0 .array/port v0x7fc16ee13480, 0;
E_0x7fc16ec081e0/6 .event edge, v0x7fc16ee130b0_5, v0x7fc16ee130b0_6, v0x7fc16ee130b0_7, v0x7fc16ee13480_0;
v0x7fc16ee13480_1 .array/port v0x7fc16ee13480, 1;
v0x7fc16ee13480_2 .array/port v0x7fc16ee13480, 2;
v0x7fc16ee13480_3 .array/port v0x7fc16ee13480, 3;
v0x7fc16ee13480_4 .array/port v0x7fc16ee13480, 4;
E_0x7fc16ec081e0/7 .event edge, v0x7fc16ee13480_1, v0x7fc16ee13480_2, v0x7fc16ee13480_3, v0x7fc16ee13480_4;
v0x7fc16ee13480_5 .array/port v0x7fc16ee13480, 5;
v0x7fc16ee13480_6 .array/port v0x7fc16ee13480, 6;
v0x7fc16ee13480_7 .array/port v0x7fc16ee13480, 7;
E_0x7fc16ec081e0/8 .event edge, v0x7fc16ee13480_5, v0x7fc16ee13480_6, v0x7fc16ee13480_7;
E_0x7fc16ec081e0 .event/or E_0x7fc16ec081e0/0, E_0x7fc16ec081e0/1, E_0x7fc16ec081e0/2, E_0x7fc16ec081e0/3, E_0x7fc16ec081e0/4, E_0x7fc16ec081e0/5, E_0x7fc16ec081e0/6, E_0x7fc16ec081e0/7, E_0x7fc16ec081e0/8;
E_0x7fc16ec08020 .event edge, v0x7fc16ee145e0_0, v0x7fc16ee14010_0;
E_0x7fc16ec08740 .event posedge, v0x7fc16ee135d0_0;
E_0x7fc16ec08f40/0 .event edge, v0x7fc16ee13f60_0, L_0x7fc16ee14e80, L_0x7fc16ee14db0, L_0x7fc16ee14cb0;
E_0x7fc16ec08f40/1 .event edge, L_0x7fc16ee14b70;
E_0x7fc16ec08f40 .event/or E_0x7fc16ec08f40/0, E_0x7fc16ec08f40/1;
L_0x7fc16ee148e0 .part o0x7fc16ed32128, 5, 3;
L_0x7fc16ee149a0 .cmp/eq 3, v0x7fc16ee14350_0, L_0x7fc16ee148e0;
L_0x7fc16ee14b70 .part v0x7fc16ee12fa0_0, 0, 8;
L_0x7fc16ee14cb0 .part v0x7fc16ee12fa0_0, 8, 8;
L_0x7fc16ee14db0 .part v0x7fc16ee12fa0_0, 16, 8;
L_0x7fc16ee14e80 .part v0x7fc16ee12fa0_0, 24, 8;
    .scope S_0x7fc16ec162d0;
T_0 ;
    %vpi_call 2 9 "$dumpfile", "cpu_wavedata.vcd" {0 0 0};
    %pushi/vec4 0, 0, 32;
    %store/vec4 v0x7fc16ee13960_0, 0, 32;
T_0.0 ;
    %load/vec4 v0x7fc16ee13960_0;
    %cmpi/s 8, 0, 32;
    %jmp/0xz T_0.1, 5;
    %vpi_call 2 11 "$dumpvars", 32'sb00000000000000000000000000000000, &A<v0x7fc16ee131c0, v0x7fc16ee13960_0 > {0 0 0};
    %load/vec4 v0x7fc16ee13960_0;
    %addi 1, 0, 32;
    %store/vec4 v0x7fc16ee13960_0, 0, 32;
    %jmp T_0.0;
T_0.1 ;
    %end;
    .thread T_0;
    .scope S_0x7fc16ec162d0;
T_1 ;
    %wait E_0x7fc16ec08f40;
    %load/vec4 v0x7fc16ee13f60_0;
    %dup/vec4;
    %pushi/vec4 0, 0, 2;
    %cmp/u;
    %jmp/1 T_1.0, 6;
    %dup/vec4;
    %pushi/vec4 1, 0, 2;
    %cmp/u;
    %jmp/1 T_1.1, 6;
    %dup/vec4;
    %pushi/vec4 2, 0, 2;
    %cmp/u;
    %jmp/1 T_1.2, 6;
    %dup/vec4;
    %pushi/vec4 3, 0, 2;
    %cmp/u;
    %jmp/1 T_1.3, 6;
    %jmp T_1.4;
T_1.0 ;
    %delay 10, 0;
    %load/vec4 v0x7fc16ee12fa0_0;
    %parti/s 8, 0, 2;
    %store/vec4 v0x7fc16ee14150_0, 0, 8;
    %jmp T_1.4;
T_1.1 ;
    %delay 10, 0;
    %load/vec4 v0x7fc16ee12fa0_0;
    %parti/s 8, 8, 5;
    %store/vec4 v0x7fc16ee14150_0, 0, 8;
    %jmp T_1.4;
T_1.2 ;
    %delay 10, 0;
    %load/vec4 v0x7fc16ee12fa0_0;
    %parti/s 8, 16, 6;
    %store/vec4 v0x7fc16ee14150_0, 0, 8;
    %jmp T_1.4;
T_1.3 ;
    %delay 10, 0;
    %load/vec4 v0x7fc16ee12fa0_0;
    %parti/s 8, 24, 6;
    %store/vec4 v0x7fc16ee14150_0, 0, 8;
    %jmp T_1.4;
T_1.4 ;
    %pop/vec4 1;
    %jmp T_1;
    .thread T_1, $push;
    .scope S_0x7fc16ec162d0;
T_2 ;
    %wait E_0x7fc16ec08740;
    %load/vec4 v0x7fc16ee140b0_0;
    %load/vec4 v0x7fc16ee13710_0;
    %and;
    %flag_set/vec4 8;
    %jmp/0xz  T_2.0, 8;
    %pushi/vec4 0, 0, 1;
    %store/vec4 v0x7fc16ee140b0_0, 0, 1;
    %pushi/vec4 0, 0, 1;
    %store/vec4 v0x7fc16ee12f00_0, 0, 1;
    %jmp T_2.1;
T_2.0 ;
    %load/vec4 v0x7fc16ee14670_0;
    %load/vec4 v0x7fc16ee13710_0;
    %and;
    %flag_set/vec4 8;
    %jmp/0xz  T_2.2, 8;
    %pushi/vec4 0, 0, 1;
    %store/vec4 v0x7fc16ee12f00_0, 0, 1;
    %load/vec4 v0x7fc16ee13f60_0;
    %dup/vec4;
    %pushi/vec4 0, 0, 2;
    %cmp/u;
    %jmp/1 T_2.4, 6;
    %dup/vec4;
    %pushi/vec4 1, 0, 2;
    %cmp/u;
    %jmp/1 T_2.5, 6;
    %dup/vec4;
    %pushi/vec4 2, 0, 2;
    %cmp/u;
    %jmp/1 T_2.6, 6;
    %dup/vec4;
    %pushi/vec4 3, 0, 2;
    %cmp/u;
    %jmp/1 T_2.7, 6;
    %jmp T_2.8;
T_2.4 ;
    %delay 10, 0;
    %load/vec4 v0x7fc16ee14700_0;
    %load/vec4 v0x7fc16ee13a10_0;
    %pad/u 5;
    %ix/vec4 4;
    %flag_mov 8, 4;
    %ix/load 5, 0, 0;
    %flag_set/imm 4, 0;
    %flag_or 4, 8;
    %store/vec4a v0x7fc16ee131c0, 4, 5;
    %jmp T_2.8;
T_2.5 ;
    %delay 10, 0;
    %load/vec4 v0x7fc16ee14700_0;
    %load/vec4 v0x7fc16ee13a10_0;
    %pad/u 5;
    %ix/vec4 4;
    %flag_mov 8, 4;
    %ix/load 5, 8, 0;
    %flag_set/imm 4, 0;
    %flag_or 4, 8;
    %store/vec4a v0x7fc16ee131c0, 4, 5;
    %jmp T_2.8;
T_2.6 ;
    %delay 10, 0;
    %load/vec4 v0x7fc16ee14700_0;
    %load/vec4 v0x7fc16ee13a10_0;
    %pad/u 5;
    %ix/vec4 4;
    %flag_mov 8, 4;
    %ix/load 5, 16, 0;
    %flag_set/imm 4, 0;
    %flag_or 4, 8;
    %store/vec4a v0x7fc16ee131c0, 4, 5;
    %jmp T_2.8;
T_2.7 ;
    %delay 10, 0;
    %load/vec4 v0x7fc16ee14700_0;
    %load/vec4 v0x7fc16ee13a10_0;
    %pad/u 5;
    %ix/vec4 4;
    %flag_mov 8, 4;
    %ix/load 5, 24, 0;
    %flag_set/imm 4, 0;
    %flag_or 4, 8;
    %store/vec4a v0x7fc16ee131c0, 4, 5;
    %jmp T_2.8;
T_2.8 ;
    %pop/vec4 1;
    %pushi/vec4 1, 0, 1;
    %load/vec4 v0x7fc16ee13a10_0;
    %pad/u 5;
    %ix/vec4 4;
    %store/vec4a v0x7fc16ee13480, 4, 0;
    %pushi/vec4 1, 0, 1;
    %load/vec4 v0x7fc16ee13a10_0;
    %pad/u 5;
    %ix/vec4 4;
    %store/vec4a v0x7fc16ee130b0, 4, 0;
    %pushi/vec4 0, 0, 1;
    %store/vec4 v0x7fc16ee14670_0, 0, 1;
T_2.2 ;
T_2.1 ;
    %jmp T_2;
    .thread T_2;
    .scope S_0x7fc16ec162d0;
T_3 ;
    %wait E_0x7fc16ec08020;
    %load/vec4 v0x7fc16ee14010_0;
    %load/vec4 v0x7fc16ee145e0_0;
    %or;
    %store/vec4 v0x7fc16ee12f00_0, 0, 1;
    %load/vec4 v0x7fc16ee14010_0;
    %load/vec4 v0x7fc16ee145e0_0;
    %nor/r;
    %and;
    %store/vec4 v0x7fc16ee140b0_0, 0, 1;
    %load/vec4 v0x7fc16ee14010_0;
    %nor/r;
    %load/vec4 v0x7fc16ee145e0_0;
    %and;
    %store/vec4 v0x7fc16ee14670_0, 0, 1;
    %jmp T_3;
    .thread T_3, $push;
    .scope S_0x7fc16ec162d0;
T_4 ;
    %wait E_0x7fc16ec081e0;
    %load/vec4 v0x7fc16ee140b0_0;
    %flag_set/vec4 8;
    %load/vec4 v0x7fc16ee14670_0;
    %flag_set/vec4 9;
    %flag_or 9, 8;
    %jmp/0xz  T_4.0, 9;
    %load/vec4 v0x7fc16ee12e50_0;
    %parti/s 3, 2, 3;
    %assign/vec4 v0x7fc16ee13a10_0, 10;
    %load/vec4 v0x7fc16ee12e50_0;
    %parti/s 3, 2, 3;
    %pad/u 5;
    %ix/vec4 4;
    %load/vec4a v0x7fc16ee131c0, 4;
    %assign/vec4 v0x7fc16ee12fa0_0, 10;
    %load/vec4 v0x7fc16ee12e50_0;
    %parti/s 3, 2, 3;
    %pad/u 5;
    %ix/vec4 4;
    %load/vec4a v0x7fc16ee13320, 4;
    %assign/vec4 v0x7fc16ee14350_0, 10;
    %load/vec4 v0x7fc16ee12e50_0;
    %parti/s 3, 2, 3;
    %pad/u 5;
    %ix/vec4 4;
    %load/vec4a v0x7fc16ee130b0, 4;
    %assign/vec4 v0x7fc16ee13670_0, 10;
    %load/vec4 v0x7fc16ee12e50_0;
    %parti/s 3, 2, 3;
    %pad/u 5;
    %ix/vec4 4;
    %load/vec4a v0x7fc16ee13480, 4;
    %assign/vec4 v0x7fc16ee13860_0, 10;
    %load/vec4 v0x7fc16ee12e50_0;
    %parti/s 2, 0, 2;
    %assign/vec4 v0x7fc16ee13f60_0, 10;
T_4.0 ;
    %jmp T_4;
    .thread T_4, $push;
    .scope S_0x7fc16ec162d0;
T_5 ;
    %wait E_0x7fc16ec09250;
    %load/vec4 v0x7fc16ee142a0_0;
    %dup/vec4;
    %pushi/vec4 0, 0, 3;
    %cmp/u;
    %jmp/1 T_5.0, 6;
    %dup/vec4;
    %pushi/vec4 2, 0, 3;
    %cmp/u;
    %jmp/1 T_5.1, 6;
    %dup/vec4;
    %pushi/vec4 1, 0, 3;
    %cmp/u;
    %jmp/1 T_5.2, 6;
    %dup/vec4;
    %pushi/vec4 3, 0, 3;
    %cmp/u;
    %jmp/1 T_5.3, 6;
    %jmp T_5.4;
T_5.0 ;
    %load/vec4 v0x7fc16ee14010_0;
    %load/vec4 v0x7fc16ee145e0_0;
    %or;
    %load/vec4 v0x7fc16ee13670_0;
    %nor/r;
    %and;
    %load/vec4 v0x7fc16ee13710_0;
    %nor/r;
    %and;
    %flag_set/vec4 8;
    %jmp/0xz  T_5.5, 8;
    %pushi/vec4 2, 0, 3;
    %store/vec4 v0x7fc16ee13eb0_0, 0, 3;
    %jmp T_5.6;
T_5.5 ;
    %load/vec4 v0x7fc16ee14010_0;
    %load/vec4 v0x7fc16ee145e0_0;
    %or;
    %load/vec4 v0x7fc16ee13670_0;
    %and;
    %load/vec4 v0x7fc16ee13710_0;
    %nor/r;
    %and;
    %flag_set/vec4 8;
    %jmp/0xz  T_5.7, 8;
    %pushi/vec4 1, 0, 3;
    %store/vec4 v0x7fc16ee13eb0_0, 0, 3;
    %jmp T_5.8;
T_5.7 ;
    %pushi/vec4 0, 0, 3;
    %store/vec4 v0x7fc16ee13eb0_0, 0, 3;
T_5.8 ;
T_5.6 ;
    %jmp T_5.4;
T_5.1 ;
    %load/vec4 v0x7fc16ee13b70_0;
    %nor/r;
    %flag_set/vec4 8;
    %jmp/0xz  T_5.9, 8;
    %pushi/vec4 3, 0, 3;
    %store/vec4 v0x7fc16ee13eb0_0, 0, 3;
    %jmp T_5.10;
T_5.9 ;
    %pushi/vec4 2, 0, 3;
    %store/vec4 v0x7fc16ee13eb0_0, 0, 3;
T_5.10 ;
    %jmp T_5.4;
T_5.2 ;
    %load/vec4 v0x7fc16ee13b70_0;
    %nor/r;
    %flag_set/vec4 8;
    %jmp/0xz  T_5.11, 8;
    %pushi/vec4 2, 0, 3;
    %store/vec4 v0x7fc16ee13eb0_0, 0, 3;
    %jmp T_5.12;
T_5.11 ;
    %pushi/vec4 1, 0, 3;
    %store/vec4 v0x7fc16ee13eb0_0, 0, 3;
T_5.12 ;
    %jmp T_5.4;
T_5.3 ;
    %pushi/vec4 0, 0, 3;
    %store/vec4 v0x7fc16ee13eb0_0, 0, 3;
    %jmp T_5.4;
T_5.4 ;
    %pop/vec4 1;
    %jmp T_5;
    .thread T_5, $push;
    .scope S_0x7fc16ec162d0;
T_6 ;
    %wait E_0x7fc16ec08100;
    %load/vec4 v0x7fc16ee142a0_0;
    %dup/vec4;
    %pushi/vec4 0, 0, 3;
    %cmp/u;
    %jmp/1 T_6.0, 6;
    %dup/vec4;
    %pushi/vec4 2, 0, 3;
    %cmp/u;
    %jmp/1 T_6.1, 6;
    %dup/vec4;
    %pushi/vec4 1, 0, 3;
    %cmp/u;
    %jmp/1 T_6.2, 6;
    %dup/vec4;
    %pushi/vec4 3, 0, 3;
    %cmp/u;
    %jmp/1 T_6.3, 6;
    %jmp T_6.4;
T_6.0 ;
    %pushi/vec4 0, 0, 1;
    %store/vec4 v0x7fc16ee13c10_0, 0, 1;
    %pushi/vec4 0, 0, 1;
    %store/vec4 v0x7fc16ee13d60_0, 0, 1;
    %pushi/vec4 63, 63, 6;
    %store/vec4 v0x7fc16ee13ac0_0, 0, 6;
    %pushi/vec4 4294967295, 4294967295, 32;
    %store/vec4 v0x7fc16ee13e00_0, 0, 32;
    %jmp T_6.4;
T_6.1 ;
    %pushi/vec4 1, 0, 1;
    %store/vec4 v0x7fc16ee13c10_0, 0, 1;
    %pushi/vec4 0, 0, 1;
    %store/vec4 v0x7fc16ee13d60_0, 0, 1;
    %load/vec4 v0x7fc16ee14350_0;
    %load/vec4 v0x7fc16ee13a10_0;
    %concat/vec4; draw_concat_vec4
    %store/vec4 v0x7fc16ee13ac0_0, 0, 6;
    %pushi/vec4 4294967295, 4294967295, 32;
    %store/vec4 v0x7fc16ee13e00_0, 0, 32;
    %jmp T_6.4;
T_6.2 ;
    %pushi/vec4 0, 0, 1;
    %store/vec4 v0x7fc16ee13c10_0, 0, 1;
    %pushi/vec4 1, 0, 1;
    %store/vec4 v0x7fc16ee13d60_0, 0, 1;
    %load/vec4 v0x7fc16ee14350_0;
    %load/vec4 v0x7fc16ee13a10_0;
    %concat/vec4; draw_concat_vec4
    %store/vec4 v0x7fc16ee13ac0_0, 0, 6;
    %load/vec4 v0x7fc16ee12fa0_0;
    %store/vec4 v0x7fc16ee13e00_0, 0, 32;
    %jmp T_6.4;
T_6.3 ;
    %pushi/vec4 0, 0, 1;
    %store/vec4 v0x7fc16ee13c10_0, 0, 1;
    %pushi/vec4 0, 0, 1;
    %store/vec4 v0x7fc16ee13d60_0, 0, 1;
    %pushi/vec4 63, 63, 6;
    %store/vec4 v0x7fc16ee13ac0_0, 0, 6;
    %pushi/vec4 4294967295, 4294967295, 32;
    %store/vec4 v0x7fc16ee13e00_0, 0, 32;
    %delay 10, 0;
    %load/vec4 v0x7fc16ee13cb0_0;
    %load/vec4 v0x7fc16ee13a10_0;
    %pad/u 5;
    %ix/vec4 4;
    %store/vec4a v0x7fc16ee131c0, 4, 0;
    %load/vec4 v0x7fc16ee12e50_0;
    %parti/s 3, 5, 4;
    %load/vec4 v0x7fc16ee13a10_0;
    %pad/u 5;
    %ix/vec4 4;
    %store/vec4a v0x7fc16ee13320, 4, 0;
    %pushi/vec4 1, 0, 1;
    %load/vec4 v0x7fc16ee13a10_0;
    %pad/u 5;
    %ix/vec4 4;
    %store/vec4a v0x7fc16ee13480, 4, 0;
    %pushi/vec4 0, 0, 1;
    %load/vec4 v0x7fc16ee13a10_0;
    %pad/u 5;
    %ix/vec4 4;
    %store/vec4a v0x7fc16ee130b0, 4, 0;
    %jmp T_6.4;
T_6.4 ;
    %pop/vec4 1;
    %jmp T_6;
    .thread T_6, $push;
    .scope S_0x7fc16ec162d0;
T_7 ;
    %wait E_0x7fc16ec066e0;
    %load/vec4 v0x7fc16ee14200_0;
    %flag_set/vec4 8;
    %jmp/0xz  T_7.0, 8;
    %pushi/vec4 0, 0, 3;
    %store/vec4 v0x7fc16ee142a0_0, 0, 3;
    %pushi/vec4 0, 0, 1;
    %store/vec4 v0x7fc16ee12f00_0, 0, 1;
    %pushi/vec4 0, 0, 32;
    %store/vec4 v0x7fc16ee137b0_0, 0, 32;
T_7.2 ;
    %load/vec4 v0x7fc16ee137b0_0;
    %cmpi/s 7, 0, 32;
    %flag_or 5, 4;
    %jmp/0xz T_7.3, 5;
    %pushi/vec4 0, 0, 32;
    %ix/getv/s 3, v0x7fc16ee137b0_0;
    %ix/load 4, 10, 0; Constant delay
    %assign/vec4/a/d v0x7fc16ee131c0, 0, 4;
    %pushi/vec4 0, 0, 1;
    %ix/getv/s 3, v0x7fc16ee137b0_0;
    %ix/load 4, 10, 0; Constant delay
    %assign/vec4/a/d v0x7fc16ee130b0, 0, 4;
    %pushi/vec4 0, 0, 1;
    %ix/getv/s 3, v0x7fc16ee137b0_0;
    %ix/load 4, 10, 0; Constant delay
    %assign/vec4/a/d v0x7fc16ee13480, 0, 4;
    %load/vec4 v0x7fc16ee137b0_0;
    %addi 1, 0, 32;
    %store/vec4 v0x7fc16ee137b0_0, 0, 32;
    %jmp T_7.2;
T_7.3 ;
    %jmp T_7.1;
T_7.0 ;
    %load/vec4 v0x7fc16ee13eb0_0;
    %store/vec4 v0x7fc16ee142a0_0, 0, 3;
T_7.1 ;
    %jmp T_7;
    .thread T_7;
# The file index is used to find the file name in the following table.
:file_names 3;
    "N/A";
    "<interactive>";
    "d_cache.v";
