#! /usr/local/Cellar/icarus-verilog/10.3/bin/vvp
:ivl_version "10.3 (stable)" "(v10_3)";
:ivl_delay_selection "TYPICAL";
:vpi_time_precision - 10;
:vpi_module "system";
:vpi_module "vhdl_sys";
:vpi_module "v2005_math";
:vpi_module "va_math";
S_0x7fbebfc07b20 .scope module, "data_memory" "data_memory" 2 13;
 .timescale -9 -10;
    .port_info 0 /INPUT 1 "clock"
    .port_info 1 /INPUT 1 "reset"
    .port_info 2 /INPUT 1 "read"
    .port_info 3 /INPUT 1 "write"
    .port_info 4 /INPUT 6 "address"
    .port_info 5 /INPUT 32 "writedata"
    .port_info 6 /OUTPUT 32 "readdata"
    .port_info 7 /OUTPUT 1 "busywait"
v0x7fbebfc07dd0_0 .var *"_s10", 7 0; Local signal
v0x7fbebfc17e80_0 .var *"_s3", 7 0; Local signal
v0x7fbebfc17f30_0 .var *"_s4", 7 0; Local signal
v0x7fbebfc17ff0_0 .var *"_s5", 7 0; Local signal
v0x7fbebfc180a0_0 .var *"_s6", 7 0; Local signal
v0x7fbebfc18190_0 .var *"_s7", 7 0; Local signal
v0x7fbebfc18240_0 .var *"_s8", 7 0; Local signal
v0x7fbebfc182f0_0 .var *"_s9", 7 0; Local signal
o0x7fbebfe32188 .functor BUFZ 6, C4<zzzzzz>; HiZ drive
v0x7fbebfc183a0_0 .net "address", 5 0, o0x7fbebfe32188;  0 drivers
v0x7fbebfc184b0_0 .var "busywait", 0 0;
o0x7fbebfe321e8 .functor BUFZ 1, C4<z>; HiZ drive
v0x7fbebfc18550_0 .net "clock", 0 0, o0x7fbebfe321e8;  0 drivers
v0x7fbebfc185f0_0 .var/i "i", 31 0;
v0x7fbebfc186a0_0 .var/i "idx", 31 0;
v0x7fbebfc18750 .array "memory_array", 0 255, 7 0;
o0x7fbebfe32278 .functor BUFZ 1, C4<z>; HiZ drive
v0x7fbebfc187f0_0 .net "read", 0 0, o0x7fbebfe32278;  0 drivers
v0x7fbebfc18890_0 .var "readaccess", 0 0;
v0x7fbebfc18930_0 .var "readdata", 31 0;
o0x7fbebfe32308 .functor BUFZ 1, C4<z>; HiZ drive
v0x7fbebfc18ac0_0 .net "reset", 0 0, o0x7fbebfe32308;  0 drivers
o0x7fbebfe32338 .functor BUFZ 1, C4<z>; HiZ drive
v0x7fbebfc18b50_0 .net "write", 0 0, o0x7fbebfe32338;  0 drivers
v0x7fbebfc18be0_0 .var "writeaccess", 0 0;
o0x7fbebfe32398 .functor BUFZ 32, C4<zzzzzzzzzzzzzzzzzzzzzzzzzzzzzzzz>; HiZ drive
v0x7fbebfc18c80_0 .net "writedata", 31 0, o0x7fbebfe32398;  0 drivers
E_0x7fbebfc07d40 .event posedge, v0x7fbebfc18ac0_0;
E_0x7fbebfc07d70 .event posedge, v0x7fbebfc18550_0;
E_0x7fbebfc07da0 .event edge, v0x7fbebfc18b50_0, v0x7fbebfc187f0_0;
    .scope S_0x7fbebfc07b20;
T_0 ;
    %vpi_call 2 28 "$dumpfile", "cpu_wavedata.vcd" {0 0 0};
    %vpi_call 2 29 "$monitor", "%d,\011%d,\011%d,\011%d,\011%d,\011%d,\011%d,\011%d,\011%d", $time, &A<v0x7fbebfc18750, 0>, &A<v0x7fbebfc18750, 1>, &A<v0x7fbebfc18750, 2>, &A<v0x7fbebfc18750, 3>, &A<v0x7fbebfc18750, 4>, &A<v0x7fbebfc18750, 5>, &A<v0x7fbebfc18750, 6>, &A<v0x7fbebfc18750, 7> {0 0 0};
    %pushi/vec4 0, 0, 32;
    %store/vec4 v0x7fbebfc186a0_0, 0, 32;
T_0.0 ;
    %load/vec4 v0x7fbebfc186a0_0;
    %cmpi/s 8, 0, 32;
    %jmp/0xz T_0.1, 5;
    %vpi_call 2 32 "$dumpvars", 32'sb00000000000000000000000000000000, &A<v0x7fbebfc18750, v0x7fbebfc186a0_0 > {0 0 0};
    %load/vec4 v0x7fbebfc186a0_0;
    %addi 1, 0, 32;
    %store/vec4 v0x7fbebfc186a0_0, 0, 32;
    %jmp T_0.0;
T_0.1 ;
    %end;
    .thread T_0;
    .scope S_0x7fbebfc07b20;
T_1 ;
    %wait E_0x7fbebfc07da0;
    %load/vec4 v0x7fbebfc187f0_0;
    %flag_set/vec4 8;
    %load/vec4 v0x7fbebfc18b50_0;
    %flag_set/vec4 9;
    %flag_or 9, 8;
    %jmp/0 T_1.0, 9;
    %pushi/vec4 1, 0, 2;
    %jmp/1 T_1.1, 9;
T_1.0 ; End of true expr.
    %pushi/vec4 0, 0, 2;
    %jmp/0 T_1.1, 9;
 ; End of false expr.
    %blend;
T_1.1;
    %pad/s 1;
    %store/vec4 v0x7fbebfc184b0_0, 0, 1;
    %load/vec4 v0x7fbebfc187f0_0;
    %load/vec4 v0x7fbebfc18b50_0;
    %nor/r;
    %and;
    %flag_set/vec4 8;
    %jmp/0 T_1.2, 8;
    %pushi/vec4 1, 0, 2;
    %jmp/1 T_1.3, 8;
T_1.2 ; End of true expr.
    %pushi/vec4 0, 0, 2;
    %jmp/0 T_1.3, 8;
 ; End of false expr.
    %blend;
T_1.3;
    %pad/s 1;
    %store/vec4 v0x7fbebfc18890_0, 0, 1;
    %load/vec4 v0x7fbebfc187f0_0;
    %nor/r;
    %load/vec4 v0x7fbebfc18b50_0;
    %and;
    %flag_set/vec4 8;
    %jmp/0 T_1.4, 8;
    %pushi/vec4 1, 0, 2;
    %jmp/1 T_1.5, 8;
T_1.4 ; End of true expr.
    %pushi/vec4 0, 0, 2;
    %jmp/0 T_1.5, 8;
 ; End of false expr.
    %blend;
T_1.5;
    %pad/s 1;
    %store/vec4 v0x7fbebfc18be0_0, 0, 1;
    %jmp T_1;
    .thread T_1, $push;
    .scope S_0x7fbebfc07b20;
T_2 ;
    %wait E_0x7fbebfc07d70;
    %load/vec4 v0x7fbebfc187f0_0;
    %load/vec4 v0x7fbebfc18b50_0;
    %nor/r;
    %and;
    %flag_set/vec4 8;
    %jmp/0xz  T_2.0, 8;
    %load/vec4 v0x7fbebfc183a0_0;
    %concati/vec4 0, 0, 2;
    %pad/u 10;
    %ix/vec4 4;
    %load/vec4a v0x7fbebfc18750, 4;
    %store/vec4 v0x7fbebfc17e80_0, 0, 8;
    %pushi/vec4 400, 0, 64;
    %ix/vec4 4;
    %delayx 4;
    %load/vec4 v0x7fbebfc17e80_0;
    %ix/load 4, 0, 0;
    %flag_set/imm 4, 0;
    %store/vec4 v0x7fbebfc18930_0, 4, 8;
    %load/vec4 v0x7fbebfc183a0_0;
    %concati/vec4 1, 0, 2;
    %pad/u 10;
    %ix/vec4 4;
    %load/vec4a v0x7fbebfc18750, 4;
    %store/vec4 v0x7fbebfc17f30_0, 0, 8;
    %pushi/vec4 400, 0, 64;
    %ix/vec4 4;
    %delayx 4;
    %load/vec4 v0x7fbebfc17f30_0;
    %ix/load 4, 8, 0;
    %flag_set/imm 4, 0;
    %store/vec4 v0x7fbebfc18930_0, 4, 8;
    %load/vec4 v0x7fbebfc183a0_0;
    %concati/vec4 2, 0, 2;
    %pad/u 10;
    %ix/vec4 4;
    %load/vec4a v0x7fbebfc18750, 4;
    %store/vec4 v0x7fbebfc17ff0_0, 0, 8;
    %pushi/vec4 400, 0, 64;
    %ix/vec4 4;
    %delayx 4;
    %load/vec4 v0x7fbebfc17ff0_0;
    %ix/load 4, 16, 0;
    %flag_set/imm 4, 0;
    %store/vec4 v0x7fbebfc18930_0, 4, 8;
    %load/vec4 v0x7fbebfc183a0_0;
    %concati/vec4 3, 0, 2;
    %pad/u 10;
    %ix/vec4 4;
    %load/vec4a v0x7fbebfc18750, 4;
    %store/vec4 v0x7fbebfc180a0_0, 0, 8;
    %pushi/vec4 400, 0, 64;
    %ix/vec4 4;
    %delayx 4;
    %load/vec4 v0x7fbebfc180a0_0;
    %ix/load 4, 24, 0;
    %flag_set/imm 4, 0;
    %store/vec4 v0x7fbebfc18930_0, 4, 8;
    %pushi/vec4 0, 0, 1;
    %store/vec4 v0x7fbebfc184b0_0, 0, 1;
    %pushi/vec4 0, 0, 1;
    %store/vec4 v0x7fbebfc18890_0, 0, 1;
T_2.0 ;
    %load/vec4 v0x7fbebfc18be0_0;
    %flag_set/vec4 8;
    %jmp/0xz  T_2.2, 8;
    %load/vec4 v0x7fbebfc18c80_0;
    %parti/s 8, 0, 2;
    %store/vec4 v0x7fbebfc18190_0, 0, 8;
    %pushi/vec4 400, 0, 64;
    %ix/vec4 4;
    %delayx 4;
    %load/vec4 v0x7fbebfc18190_0;
    %load/vec4 v0x7fbebfc183a0_0;
    %concati/vec4 0, 0, 2;
    %pad/u 10;
    %ix/vec4 4;
    %store/vec4a v0x7fbebfc18750, 4, 0;
    %load/vec4 v0x7fbebfc18c80_0;
    %parti/s 8, 8, 5;
    %store/vec4 v0x7fbebfc18240_0, 0, 8;
    %pushi/vec4 400, 0, 64;
    %ix/vec4 4;
    %delayx 4;
    %load/vec4 v0x7fbebfc18240_0;
    %load/vec4 v0x7fbebfc183a0_0;
    %concati/vec4 1, 0, 2;
    %pad/u 10;
    %ix/vec4 4;
    %store/vec4a v0x7fbebfc18750, 4, 0;
    %load/vec4 v0x7fbebfc18c80_0;
    %parti/s 8, 16, 6;
    %store/vec4 v0x7fbebfc182f0_0, 0, 8;
    %pushi/vec4 400, 0, 64;
    %ix/vec4 4;
    %delayx 4;
    %load/vec4 v0x7fbebfc182f0_0;
    %load/vec4 v0x7fbebfc183a0_0;
    %concati/vec4 2, 0, 2;
    %pad/u 10;
    %ix/vec4 4;
    %store/vec4a v0x7fbebfc18750, 4, 0;
    %load/vec4 v0x7fbebfc18c80_0;
    %parti/s 8, 24, 6;
    %store/vec4 v0x7fbebfc07dd0_0, 0, 8;
    %pushi/vec4 400, 0, 64;
    %ix/vec4 4;
    %delayx 4;
    %load/vec4 v0x7fbebfc07dd0_0;
    %load/vec4 v0x7fbebfc183a0_0;
    %concati/vec4 3, 0, 2;
    %pad/u 10;
    %ix/vec4 4;
    %store/vec4a v0x7fbebfc18750, 4, 0;
    %pushi/vec4 0, 0, 1;
    %store/vec4 v0x7fbebfc184b0_0, 0, 1;
    %pushi/vec4 0, 0, 1;
    %store/vec4 v0x7fbebfc18be0_0, 0, 1;
T_2.2 ;
    %jmp T_2;
    .thread T_2;
    .scope S_0x7fbebfc07b20;
T_3 ;
    %wait E_0x7fbebfc07d40;
    %load/vec4 v0x7fbebfc18ac0_0;
    %flag_set/vec4 8;
    %jmp/0xz  T_3.0, 8;
    %pushi/vec4 0, 0, 32;
    %store/vec4 v0x7fbebfc185f0_0, 0, 32;
T_3.2 ;
    %load/vec4 v0x7fbebfc185f0_0;
    %cmpi/s 256, 0, 32;
    %jmp/0xz T_3.3, 5;
    %pushi/vec4 0, 0, 8;
    %ix/getv/s 4, v0x7fbebfc185f0_0;
    %store/vec4a v0x7fbebfc18750, 4, 0;
    %load/vec4 v0x7fbebfc185f0_0;
    %addi 1, 0, 32;
    %store/vec4 v0x7fbebfc185f0_0, 0, 32;
    %jmp T_3.2;
T_3.3 ;
    %pushi/vec4 0, 0, 1;
    %store/vec4 v0x7fbebfc184b0_0, 0, 1;
    %pushi/vec4 0, 0, 1;
    %store/vec4 v0x7fbebfc18890_0, 0, 1;
    %pushi/vec4 0, 0, 1;
    %store/vec4 v0x7fbebfc18be0_0, 0, 1;
T_3.0 ;
    %jmp T_3;
    .thread T_3;
# The file index is used to find the file name in the following table.
:file_names 3;
    "N/A";
    "<interactive>";
    "data_memory.v";
