#! /usr/local/Cellar/icarus-verilog/10.3/bin/vvp
:ivl_version "10.3 (stable)" "(v10_3)";
:ivl_delay_selection "TYPICAL";
:vpi_time_precision - 10;
:vpi_module "system";
:vpi_module "vhdl_sys";
:vpi_module "v2005_math";
:vpi_module "va_math";
S_0x7ffe2970a480 .scope module, "d_cache" "d_cache" 2 3;
 .timescale -9 -10;
    .port_info 0 /INPUT 1 "clock"
    .port_info 1 /INPUT 1 "reset"
    .port_info 2 /INPUT 1 "read"
    .port_info 3 /INPUT 1 "write"
    .port_info 4 /INPUT 8 "address"
    .port_info 5 /INPUT 8 "writedata"
    .port_info 6 /OUTPUT 8 "readdata"
    .port_info 7 /OUTPUT 1 "busywait"
    .port_info 8 /OUTPUT 1 "memread"
    .port_info 9 /OUTPUT 1 "memwrite"
    .port_info 10 /OUTPUT 6 "memaddress"
    .port_info 11 /OUTPUT 32 "memwritedata"
    .port_info 12 /INPUT 32 "memreaddata"
    .port_info 13 /INPUT 1 "membusywait"
P_0x7ffe2970a5e0 .param/l "ALLOCATE" 0 2 121, C4<011>;
P_0x7ffe2970a620 .param/l "IDLE" 0 2 121, C4<000>;
P_0x7ffe2970a660 .param/l "MEM_READ" 0 2 121, C4<010>;
P_0x7ffe2970a6a0 .param/l "MEM_WRITE" 0 2 121, C4<001>;
L_0x7ffe2970a720 .functor XNOR 1, L_0x7ffe2971c980, L_0x7ffe2971ca60, C4<0>, C4<0>;
L_0x7ffe2971cb40 .functor XNOR 1, L_0x7ffe2971cc30, L_0x7ffe2971cd50, C4<0>, C4<0>;
L_0x7ffe2971ce70 .functor XNOR 1, L_0x7ffe2971cf00, L_0x7ffe2971d010, C4<0>, C4<0>;
L_0x7ffe2971d0f0/d .functor AND 1, L_0x7ffe2970a720, L_0x7ffe2971cb40, L_0x7ffe2971ce70, v0x7ffe2971c5a0_0;
L_0x7ffe2971d0f0 .delay 1 (9,9,9) L_0x7ffe2971d0f0/d;
v0x7ffe2970aaa0_0 .net *"_s1", 0 0, L_0x7ffe2971c980;  1 drivers
v0x7ffe2971ab40_0 .net *"_s11", 0 0, L_0x7ffe2971d010;  1 drivers
v0x7ffe2971abf0_0 .net *"_s14", 7 0, L_0x7ffe2971d250;  1 drivers
v0x7ffe2971acb0_0 .net *"_s17", 7 0, L_0x7ffe2971d390;  1 drivers
v0x7ffe2971ad60_0 .net *"_s20", 7 0, L_0x7ffe2971d470;  1 drivers
v0x7ffe2971ae50_0 .net *"_s23", 7 0, L_0x7ffe2971d560;  1 drivers
v0x7ffe2971af00_0 .net *"_s3", 0 0, L_0x7ffe2971ca60;  1 drivers
v0x7ffe2971afb0_0 .net *"_s5", 0 0, L_0x7ffe2971cc30;  1 drivers
v0x7ffe2971b060_0 .net *"_s7", 0 0, L_0x7ffe2971cd50;  1 drivers
v0x7ffe2971b170_0 .net *"_s9", 0 0, L_0x7ffe2971cf00;  1 drivers
o0x7ffe2a8321e8 .functor BUFZ 8, C4<zzzzzzzz>; HiZ drive
v0x7ffe2971b220_0 .net "address", 7 0, o0x7ffe2a8321e8;  0 drivers
v0x7ffe2971b2d0_0 .var "busywait", 0 0;
v0x7ffe2971b370_0 .var "cache_block", 31 0;
v0x7ffe2971b420 .array "cache_memory", 0 7, 36 0;
o0x7ffe2a8323f8 .functor BUFZ 1, C4<z>; HiZ drive
v0x7ffe2971b540_0 .net "clock", 0 0, o0x7ffe2a8323f8;  0 drivers
v0x7ffe2971b5e0_0 .net "cmpR1", 0 0, L_0x7ffe2970a720;  1 drivers
v0x7ffe2971b680_0 .net "cmpR2", 0 0, L_0x7ffe2971cb40;  1 drivers
v0x7ffe2971b820_0 .net "cmpR3", 0 0, L_0x7ffe2971ce70;  1 drivers
v0x7ffe2971b8c0_0 .var "dirty", 0 0;
v0x7ffe2971b960_0 .net "hit", 0 0, L_0x7ffe2971d0f0;  1 drivers
v0x7ffe2971ba00_0 .var/i "i", 31 0;
v0x7ffe2971bab0_0 .var "index", 2 0;
v0x7ffe2971bb60_0 .var "memaddress", 5 0;
o0x7ffe2a8325a8 .functor BUFZ 1, C4<z>; HiZ drive
v0x7ffe2971bc10_0 .net "membusywait", 0 0, o0x7ffe2a8325a8;  0 drivers
v0x7ffe2971bcb0_0 .var "memread", 0 0;
o0x7ffe2a832608 .functor BUFZ 32, C4<zzzzzzzzzzzzzzzzzzzzzzzzzzzzzzzz>; HiZ drive
v0x7ffe2971bd50_0 .net "memreaddata", 31 0, o0x7ffe2a832608;  0 drivers
v0x7ffe2971be00_0 .var "memwrite", 0 0;
v0x7ffe2971bea0_0 .var "memwritedata", 31 0;
v0x7ffe2971bf50_0 .var "next_state", 2 0;
v0x7ffe2971c000_0 .var "offset", 1 0;
o0x7ffe2a8326f8 .functor BUFZ 1, C4<z>; HiZ drive
v0x7ffe2971c0b0_0 .net "read", 0 0, o0x7ffe2a8326f8;  0 drivers
v0x7ffe2971c150_0 .var "read_access", 0 0;
v0x7ffe2971c1f0_0 .var "readdata", 7 0;
o0x7ffe2a832788 .functor BUFZ 1, C4<z>; HiZ drive
v0x7ffe2971b730_0 .net "reset", 0 0, o0x7ffe2a832788;  0 drivers
v0x7ffe2971c480_0 .var "state", 2 0;
v0x7ffe2971c510_0 .var "tag", 2 0;
v0x7ffe2971c5a0_0 .var "valid", 0 0;
o0x7ffe2a832848 .functor BUFZ 1, C4<z>; HiZ drive
v0x7ffe2971c640_0 .net "write", 0 0, o0x7ffe2a832848;  0 drivers
v0x7ffe2971c6e0_0 .var "write_access", 0 0;
o0x7ffe2a8328a8 .functor BUFZ 8, C4<zzzzzzzz>; HiZ drive
v0x7ffe2971c780_0 .net "writedata", 7 0, o0x7ffe2a8328a8;  0 drivers
E_0x7ffe297045c0/0 .event edge, v0x7ffe2971b730_0;
E_0x7ffe297045c0/1 .event posedge, v0x7ffe2971b540_0;
E_0x7ffe297045c0 .event/or E_0x7ffe297045c0/0, E_0x7ffe297045c0/1;
E_0x7ffe29704880/0 .event edge, v0x7ffe2971c480_0, v0x7ffe2971b220_0, v0x7ffe2971c510_0, v0x7ffe2971bab0_0;
E_0x7ffe29704880/1 .event edge, v0x7ffe2971b370_0, v0x7ffe2971bd50_0;
E_0x7ffe29704880 .event/or E_0x7ffe29704880/0, E_0x7ffe29704880/1;
E_0x7ffe29709f40/0 .event edge, v0x7ffe2971c480_0, v0x7ffe2971c0b0_0, v0x7ffe2971c640_0, v0x7ffe2971b8c0_0;
E_0x7ffe29709f40/1 .event edge, v0x7ffe2971b960_0, v0x7ffe2971bc10_0;
E_0x7ffe29709f40 .event/or E_0x7ffe29709f40/0, E_0x7ffe29709f40/1;
v0x7ffe2971b420_0 .array/port v0x7ffe2971b420, 0;
E_0x7ffe2970a910/0 .event edge, v0x7ffe2971c150_0, v0x7ffe2971c6e0_0, v0x7ffe2971b220_0, v0x7ffe2971b420_0;
v0x7ffe2971b420_1 .array/port v0x7ffe2971b420, 1;
v0x7ffe2971b420_2 .array/port v0x7ffe2971b420, 2;
v0x7ffe2971b420_3 .array/port v0x7ffe2971b420, 3;
v0x7ffe2971b420_4 .array/port v0x7ffe2971b420, 4;
E_0x7ffe2970a910/1 .event edge, v0x7ffe2971b420_1, v0x7ffe2971b420_2, v0x7ffe2971b420_3, v0x7ffe2971b420_4;
v0x7ffe2971b420_5 .array/port v0x7ffe2971b420, 5;
v0x7ffe2971b420_6 .array/port v0x7ffe2971b420, 6;
v0x7ffe2971b420_7 .array/port v0x7ffe2971b420, 7;
E_0x7ffe2970a910/2 .event edge, v0x7ffe2971b420_5, v0x7ffe2971b420_6, v0x7ffe2971b420_7;
E_0x7ffe2970a910 .event/or E_0x7ffe2970a910/0, E_0x7ffe2970a910/1, E_0x7ffe2970a910/2;
E_0x7ffe2970a9a0 .event edge, v0x7ffe2971c640_0, v0x7ffe2971c0b0_0;
E_0x7ffe2970aa00 .event posedge, v0x7ffe2971b540_0;
E_0x7ffe2970aa30/0 .event edge, v0x7ffe2971c000_0, L_0x7ffe2971d560, L_0x7ffe2971d470, L_0x7ffe2971d390;
E_0x7ffe2970aa30/1 .event edge, L_0x7ffe2971d250;
E_0x7ffe2970aa30 .event/or E_0x7ffe2970aa30/0, E_0x7ffe2970aa30/1;
L_0x7ffe2971c980 .part v0x7ffe2971c510_0, 2, 1;
L_0x7ffe2971ca60 .part o0x7ffe2a8321e8, 7, 1;
L_0x7ffe2971cc30 .part v0x7ffe2971c510_0, 1, 1;
L_0x7ffe2971cd50 .part o0x7ffe2a8321e8, 6, 1;
L_0x7ffe2971cf00 .part v0x7ffe2971c510_0, 0, 1;
L_0x7ffe2971d010 .part o0x7ffe2a8321e8, 5, 1;
L_0x7ffe2971d250 .part v0x7ffe2971b370_0, 0, 8;
L_0x7ffe2971d390 .part v0x7ffe2971b370_0, 8, 8;
L_0x7ffe2971d470 .part v0x7ffe2971b370_0, 16, 8;
L_0x7ffe2971d560 .part v0x7ffe2971b370_0, 24, 8;
    .scope S_0x7ffe2970a480;
T_0 ;
    %wait E_0x7ffe2970aa30;
    %load/vec4 v0x7ffe2971c000_0;
    %dup/vec4;
    %pushi/vec4 0, 0, 2;
    %cmp/u;
    %jmp/1 T_0.0, 6;
    %dup/vec4;
    %pushi/vec4 1, 0, 2;
    %cmp/u;
    %jmp/1 T_0.1, 6;
    %dup/vec4;
    %pushi/vec4 2, 0, 2;
    %cmp/u;
    %jmp/1 T_0.2, 6;
    %dup/vec4;
    %pushi/vec4 3, 0, 2;
    %cmp/u;
    %jmp/1 T_0.3, 6;
    %jmp T_0.4;
T_0.0 ;
    %delay 10, 0;
    %load/vec4 v0x7ffe2971b370_0;
    %parti/s 8, 0, 2;
    %store/vec4 v0x7ffe2971c1f0_0, 0, 8;
    %jmp T_0.4;
T_0.1 ;
    %delay 10, 0;
    %load/vec4 v0x7ffe2971b370_0;
    %parti/s 8, 8, 5;
    %store/vec4 v0x7ffe2971c1f0_0, 0, 8;
    %jmp T_0.4;
T_0.2 ;
    %delay 10, 0;
    %load/vec4 v0x7ffe2971b370_0;
    %parti/s 8, 16, 6;
    %store/vec4 v0x7ffe2971c1f0_0, 0, 8;
    %jmp T_0.4;
T_0.3 ;
    %delay 10, 0;
    %load/vec4 v0x7ffe2971b370_0;
    %parti/s 8, 24, 6;
    %store/vec4 v0x7ffe2971c1f0_0, 0, 8;
    %jmp T_0.4;
T_0.4 ;
    %pop/vec4 1;
    %jmp T_0;
    .thread T_0, $push;
    .scope S_0x7ffe2970a480;
T_1 ;
    %wait E_0x7ffe2970aa00;
    %load/vec4 v0x7ffe2971c150_0;
    %load/vec4 v0x7ffe2971b960_0;
    %and;
    %flag_set/vec4 8;
    %jmp/0xz  T_1.0, 8;
    %pushi/vec4 0, 0, 1;
    %store/vec4 v0x7ffe2971c150_0, 0, 1;
    %pushi/vec4 1, 0, 1;
    %store/vec4 v0x7ffe2971b2d0_0, 0, 1;
    %jmp T_1.1;
T_1.0 ;
    %load/vec4 v0x7ffe2971c6e0_0;
    %load/vec4 v0x7ffe2971b960_0;
    %and;
    %flag_set/vec4 8;
    %jmp/0xz  T_1.2, 8;
    %pushi/vec4 0, 0, 1;
    %store/vec4 v0x7ffe2971b2d0_0, 0, 1;
    %load/vec4 v0x7ffe2971c000_0;
    %dup/vec4;
    %pushi/vec4 0, 0, 2;
    %cmp/u;
    %jmp/1 T_1.4, 6;
    %dup/vec4;
    %pushi/vec4 1, 0, 2;
    %cmp/u;
    %jmp/1 T_1.5, 6;
    %dup/vec4;
    %pushi/vec4 2, 0, 2;
    %cmp/u;
    %jmp/1 T_1.6, 6;
    %dup/vec4;
    %pushi/vec4 3, 0, 2;
    %cmp/u;
    %jmp/1 T_1.7, 6;
    %jmp T_1.8;
T_1.4 ;
    %delay 10, 0;
    %load/vec4 v0x7ffe2971c780_0;
    %load/vec4 v0x7ffe2971bab0_0;
    %pad/u 5;
    %ix/vec4 4;
    %flag_mov 8, 4;
    %ix/load 5, 0, 0;
    %flag_set/imm 4, 0;
    %flag_or 4, 8;
    %store/vec4a v0x7ffe2971b420, 4, 5;
    %jmp T_1.8;
T_1.5 ;
    %delay 10, 0;
    %load/vec4 v0x7ffe2971c780_0;
    %load/vec4 v0x7ffe2971bab0_0;
    %pad/u 5;
    %ix/vec4 4;
    %flag_mov 8, 4;
    %ix/load 5, 8, 0;
    %flag_set/imm 4, 0;
    %flag_or 4, 8;
    %store/vec4a v0x7ffe2971b420, 4, 5;
    %jmp T_1.8;
T_1.6 ;
    %delay 10, 0;
    %load/vec4 v0x7ffe2971c780_0;
    %load/vec4 v0x7ffe2971bab0_0;
    %pad/u 5;
    %ix/vec4 4;
    %flag_mov 8, 4;
    %ix/load 5, 16, 0;
    %flag_set/imm 4, 0;
    %flag_or 4, 8;
    %store/vec4a v0x7ffe2971b420, 4, 5;
    %jmp T_1.8;
T_1.7 ;
    %delay 10, 0;
    %load/vec4 v0x7ffe2971c780_0;
    %load/vec4 v0x7ffe2971bab0_0;
    %pad/u 5;
    %ix/vec4 4;
    %flag_mov 8, 4;
    %ix/load 5, 24, 0;
    %flag_set/imm 4, 0;
    %flag_or 4, 8;
    %store/vec4a v0x7ffe2971b420, 4, 5;
    %jmp T_1.8;
T_1.8 ;
    %pop/vec4 1;
    %pushi/vec4 1, 0, 1;
    %load/vec4 v0x7ffe2971bab0_0;
    %pad/u 5;
    %ix/vec4 4;
    %flag_mov 8, 4;
    %ix/load 5, 35, 0;
    %flag_set/imm 4, 0;
    %flag_or 4, 8;
    %store/vec4a v0x7ffe2971b420, 4, 5;
    %pushi/vec4 1, 0, 1;
    %load/vec4 v0x7ffe2971bab0_0;
    %pad/u 5;
    %ix/vec4 4;
    %flag_mov 8, 4;
    %ix/load 5, 36, 0;
    %flag_set/imm 4, 0;
    %flag_or 4, 8;
    %store/vec4a v0x7ffe2971b420, 4, 5;
    %pushi/vec4 0, 0, 1;
    %store/vec4 v0x7ffe2971c6e0_0, 0, 1;
T_1.2 ;
T_1.1 ;
    %jmp T_1;
    .thread T_1;
    .scope S_0x7ffe2970a480;
T_2 ;
    %wait E_0x7ffe2970a9a0;
    %load/vec4 v0x7ffe2971c0b0_0;
    %load/vec4 v0x7ffe2971c640_0;
    %or;
    %store/vec4 v0x7ffe2971b2d0_0, 0, 1;
    %load/vec4 v0x7ffe2971c0b0_0;
    %load/vec4 v0x7ffe2971c640_0;
    %nor/r;
    %and;
    %store/vec4 v0x7ffe2971c150_0, 0, 1;
    %load/vec4 v0x7ffe2971c0b0_0;
    %nor/r;
    %load/vec4 v0x7ffe2971c640_0;
    %and;
    %store/vec4 v0x7ffe2971c6e0_0, 0, 1;
    %jmp T_2;
    .thread T_2, $push;
    .scope S_0x7ffe2970a480;
T_3 ;
    %wait E_0x7ffe2970a910;
    %load/vec4 v0x7ffe2971c150_0;
    %flag_set/vec4 8;
    %load/vec4 v0x7ffe2971c6e0_0;
    %flag_set/vec4 9;
    %flag_or 9, 8;
    %jmp/0xz  T_3.0, 9;
    %delay 10, 0;
    %load/vec4 v0x7ffe2971b220_0;
    %parti/s 3, 2, 3;
    %store/vec4 v0x7ffe2971bab0_0, 0, 3;
    %load/vec4 v0x7ffe2971b220_0;
    %parti/s 3, 2, 3;
    %pad/u 5;
    %ix/vec4 4;
    %load/vec4a v0x7ffe2971b420, 4;
    %parti/s 32, 0, 2;
    %store/vec4 v0x7ffe2971b370_0, 0, 32;
    %load/vec4 v0x7ffe2971b220_0;
    %parti/s 3, 2, 3;
    %pad/u 5;
    %ix/vec4 4;
    %load/vec4a v0x7ffe2971b420, 4;
    %parti/s 3, 32, 7;
    %store/vec4 v0x7ffe2971c510_0, 0, 3;
    %load/vec4 v0x7ffe2971b220_0;
    %parti/s 3, 2, 3;
    %pad/u 5;
    %ix/vec4 4;
    %load/vec4a v0x7ffe2971b420, 4;
    %parti/s 1, 35, 7;
    %store/vec4 v0x7ffe2971b8c0_0, 0, 1;
    %load/vec4 v0x7ffe2971b220_0;
    %parti/s 3, 2, 3;
    %pad/u 5;
    %ix/vec4 4;
    %load/vec4a v0x7ffe2971b420, 4;
    %parti/s 1, 36, 7;
    %store/vec4 v0x7ffe2971c5a0_0, 0, 1;
    %load/vec4 v0x7ffe2971b220_0;
    %parti/s 2, 0, 2;
    %store/vec4 v0x7ffe2971c000_0, 0, 2;
T_3.0 ;
    %jmp T_3;
    .thread T_3, $push;
    .scope S_0x7ffe2970a480;
T_4 ;
    %wait E_0x7ffe29709f40;
    %load/vec4 v0x7ffe2971c480_0;
    %dup/vec4;
    %pushi/vec4 0, 0, 3;
    %cmp/u;
    %jmp/1 T_4.0, 6;
    %dup/vec4;
    %pushi/vec4 2, 0, 3;
    %cmp/u;
    %jmp/1 T_4.1, 6;
    %dup/vec4;
    %pushi/vec4 1, 0, 3;
    %cmp/u;
    %jmp/1 T_4.2, 6;
    %dup/vec4;
    %pushi/vec4 3, 0, 3;
    %cmp/u;
    %jmp/1 T_4.3, 6;
    %jmp T_4.4;
T_4.0 ;
    %load/vec4 v0x7ffe2971c0b0_0;
    %load/vec4 v0x7ffe2971c640_0;
    %or;
    %load/vec4 v0x7ffe2971b8c0_0;
    %nor/r;
    %and;
    %load/vec4 v0x7ffe2971b960_0;
    %nor/r;
    %and;
    %flag_set/vec4 8;
    %jmp/0xz  T_4.5, 8;
    %pushi/vec4 2, 0, 3;
    %store/vec4 v0x7ffe2971bf50_0, 0, 3;
    %jmp T_4.6;
T_4.5 ;
    %load/vec4 v0x7ffe2971c0b0_0;
    %load/vec4 v0x7ffe2971c640_0;
    %or;
    %load/vec4 v0x7ffe2971b8c0_0;
    %and;
    %load/vec4 v0x7ffe2971b960_0;
    %nor/r;
    %and;
    %flag_set/vec4 8;
    %jmp/0xz  T_4.7, 8;
    %pushi/vec4 1, 0, 3;
    %store/vec4 v0x7ffe2971bf50_0, 0, 3;
    %jmp T_4.8;
T_4.7 ;
    %pushi/vec4 0, 0, 3;
    %store/vec4 v0x7ffe2971bf50_0, 0, 3;
T_4.8 ;
T_4.6 ;
    %jmp T_4.4;
T_4.1 ;
    %load/vec4 v0x7ffe2971bc10_0;
    %nor/r;
    %flag_set/vec4 8;
    %jmp/0xz  T_4.9, 8;
    %pushi/vec4 3, 0, 3;
    %store/vec4 v0x7ffe2971bf50_0, 0, 3;
    %jmp T_4.10;
T_4.9 ;
    %pushi/vec4 2, 0, 3;
    %store/vec4 v0x7ffe2971bf50_0, 0, 3;
T_4.10 ;
    %jmp T_4.4;
T_4.2 ;
    %load/vec4 v0x7ffe2971bc10_0;
    %nor/r;
    %flag_set/vec4 8;
    %jmp/0xz  T_4.11, 8;
    %pushi/vec4 2, 0, 3;
    %store/vec4 v0x7ffe2971bf50_0, 0, 3;
    %jmp T_4.12;
T_4.11 ;
    %pushi/vec4 1, 0, 3;
    %store/vec4 v0x7ffe2971bf50_0, 0, 3;
T_4.12 ;
    %jmp T_4.4;
T_4.3 ;
    %pushi/vec4 0, 0, 3;
    %store/vec4 v0x7ffe2971bf50_0, 0, 3;
    %jmp T_4.4;
T_4.4 ;
    %pop/vec4 1;
    %jmp T_4;
    .thread T_4, $push;
    .scope S_0x7ffe2970a480;
T_5 ;
    %wait E_0x7ffe29704880;
    %load/vec4 v0x7ffe2971c480_0;
    %dup/vec4;
    %pushi/vec4 0, 0, 3;
    %cmp/u;
    %jmp/1 T_5.0, 6;
    %dup/vec4;
    %pushi/vec4 2, 0, 3;
    %cmp/u;
    %jmp/1 T_5.1, 6;
    %dup/vec4;
    %pushi/vec4 1, 0, 3;
    %cmp/u;
    %jmp/1 T_5.2, 6;
    %dup/vec4;
    %pushi/vec4 3, 0, 3;
    %cmp/u;
    %jmp/1 T_5.3, 6;
    %jmp T_5.4;
T_5.0 ;
    %pushi/vec4 0, 0, 1;
    %store/vec4 v0x7ffe2971bcb0_0, 0, 1;
    %pushi/vec4 0, 0, 1;
    %store/vec4 v0x7ffe2971be00_0, 0, 1;
    %pushi/vec4 63, 63, 6;
    %store/vec4 v0x7ffe2971bb60_0, 0, 6;
    %pushi/vec4 4294967295, 4294967295, 32;
    %store/vec4 v0x7ffe2971bea0_0, 0, 32;
    %jmp T_5.4;
T_5.1 ;
    %pushi/vec4 1, 0, 1;
    %store/vec4 v0x7ffe2971bcb0_0, 0, 1;
    %pushi/vec4 0, 0, 1;
    %store/vec4 v0x7ffe2971be00_0, 0, 1;
    %load/vec4 v0x7ffe2971b220_0;
    %parti/s 6, 2, 3;
    %store/vec4 v0x7ffe2971bb60_0, 0, 6;
    %pushi/vec4 4294967295, 4294967295, 32;
    %store/vec4 v0x7ffe2971bea0_0, 0, 32;
    %jmp T_5.4;
T_5.2 ;
    %pushi/vec4 0, 0, 1;
    %store/vec4 v0x7ffe2971bcb0_0, 0, 1;
    %pushi/vec4 1, 0, 1;
    %store/vec4 v0x7ffe2971be00_0, 0, 1;
    %load/vec4 v0x7ffe2971c510_0;
    %load/vec4 v0x7ffe2971bab0_0;
    %concat/vec4; draw_concat_vec4
    %store/vec4 v0x7ffe2971bb60_0, 0, 6;
    %load/vec4 v0x7ffe2971b370_0;
    %store/vec4 v0x7ffe2971bea0_0, 0, 32;
    %jmp T_5.4;
T_5.3 ;
    %pushi/vec4 0, 0, 1;
    %store/vec4 v0x7ffe2971bcb0_0, 0, 1;
    %pushi/vec4 0, 0, 1;
    %store/vec4 v0x7ffe2971be00_0, 0, 1;
    %pushi/vec4 63, 63, 6;
    %store/vec4 v0x7ffe2971bb60_0, 0, 6;
    %pushi/vec4 4294967295, 4294967295, 32;
    %store/vec4 v0x7ffe2971bea0_0, 0, 32;
    %delay 10, 0;
    %load/vec4 v0x7ffe2971bd50_0;
    %load/vec4 v0x7ffe2971bab0_0;
    %pad/u 5;
    %ix/vec4 4;
    %flag_mov 8, 4;
    %ix/load 5, 0, 0;
    %flag_set/imm 4, 0;
    %flag_or 4, 8;
    %store/vec4a v0x7ffe2971b420, 4, 5;
    %load/vec4 v0x7ffe2971b220_0;
    %parti/s 3, 5, 4;
    %load/vec4 v0x7ffe2971bab0_0;
    %pad/u 5;
    %ix/vec4 4;
    %flag_mov 8, 4;
    %ix/load 5, 32, 0;
    %flag_set/imm 4, 0;
    %flag_or 4, 8;
    %store/vec4a v0x7ffe2971b420, 4, 5;
    %pushi/vec4 0, 0, 1;
    %load/vec4 v0x7ffe2971bab0_0;
    %pad/u 5;
    %ix/vec4 4;
    %flag_mov 8, 4;
    %ix/load 5, 35, 0;
    %flag_set/imm 4, 0;
    %flag_or 4, 8;
    %store/vec4a v0x7ffe2971b420, 4, 5;
    %pushi/vec4 1, 0, 1;
    %load/vec4 v0x7ffe2971bab0_0;
    %pad/u 5;
    %ix/vec4 4;
    %flag_mov 8, 4;
    %ix/load 5, 36, 0;
    %flag_set/imm 4, 0;
    %flag_or 4, 8;
    %store/vec4a v0x7ffe2971b420, 4, 5;
    %jmp T_5.4;
T_5.4 ;
    %pop/vec4 1;
    %jmp T_5;
    .thread T_5, $push;
    .scope S_0x7ffe2970a480;
T_6 ;
    %wait E_0x7ffe297045c0;
    %load/vec4 v0x7ffe2971b730_0;
    %flag_set/vec4 8;
    %jmp/0xz  T_6.0, 8;
    %pushi/vec4 0, 0, 3;
    %store/vec4 v0x7ffe2971c480_0, 0, 3;
    %pushi/vec4 0, 0, 1;
    %store/vec4 v0x7ffe2971b2d0_0, 0, 1;
    %delay 10, 0;
    %pushi/vec4 0, 0, 32;
    %store/vec4 v0x7ffe2971ba00_0, 0, 32;
T_6.2 ;
    %load/vec4 v0x7ffe2971ba00_0;
    %cmpi/s 8, 0, 32;
    %jmp/0xz T_6.3, 5;
    %pushi/vec4 0, 0, 37;
    %ix/getv/s 4, v0x7ffe2971ba00_0;
    %store/vec4a v0x7ffe2971b420, 4, 0;
    %load/vec4 v0x7ffe2971ba00_0;
    %addi 1, 0, 32;
    %store/vec4 v0x7ffe2971ba00_0, 0, 32;
    %jmp T_6.2;
T_6.3 ;
    %jmp T_6.1;
T_6.0 ;
    %load/vec4 v0x7ffe2971bf50_0;
    %store/vec4 v0x7ffe2971c480_0, 0, 3;
T_6.1 ;
    %jmp T_6;
    .thread T_6;
# The file index is used to find the file name in the following table.
:file_names 3;
    "N/A";
    "<interactive>";
    "dcache.v";
