#! /usr/local/Cellar/icarus-verilog/10.3/bin/vvp
:ivl_version "10.3 (stable)" "(v10_3)";
:ivl_delay_selection "TYPICAL";
:vpi_time_precision - 10;
:vpi_module "system";
:vpi_module "vhdl_sys";
:vpi_module "v2005_math";
:vpi_module "va_math";
S_0x7fdf94c08360 .scope module, "reg_file" "reg_file" 2 3;
 .timescale -9 -10;
    .port_info 0 /INPUT 8 "IN"
    .port_info 1 /OUTPUT 8 "OUT1"
    .port_info 2 /OUTPUT 8 "OUT2"
    .port_info 3 /INPUT 3 "INADDRESS"
    .port_info 4 /INPUT 3 "OUT1ADDRESS"
    .port_info 5 /INPUT 3 "OUT2ADDRESS"
    .port_info 6 /INPUT 1 "WRITE"
    .port_info 7 /INPUT 1 "CLK"
    .port_info 8 /INPUT 1 "RESET"
    .port_info 9 /INPUT 1 "BUSY_WAIT"
o0x7fdf94f32008 .functor BUFZ 1, C4<z>; HiZ drive
v0x7fdf94c085b0_0 .net "BUSY_WAIT", 0 0, o0x7fdf94f32008;  0 drivers
o0x7fdf94f32038 .functor BUFZ 1, C4<z>; HiZ drive
v0x7fdf94c18640_0 .net "CLK", 0 0, o0x7fdf94f32038;  0 drivers
o0x7fdf94f32068 .functor BUFZ 8, C4<zzzzzzzz>; HiZ drive
v0x7fdf94c186e0_0 .net "IN", 7 0, o0x7fdf94f32068;  0 drivers
o0x7fdf94f32098 .functor BUFZ 3, C4<zzz>; HiZ drive
v0x7fdf94c187a0_0 .net "INADDRESS", 2 0, o0x7fdf94f32098;  0 drivers
v0x7fdf94c18850_0 .var "OUT1", 7 0;
o0x7fdf94f320f8 .functor BUFZ 3, C4<zzz>; HiZ drive
v0x7fdf94c18940_0 .net "OUT1ADDRESS", 2 0, o0x7fdf94f320f8;  0 drivers
v0x7fdf94c189f0_0 .var "OUT2", 7 0;
o0x7fdf94f32158 .functor BUFZ 3, C4<zzz>; HiZ drive
v0x7fdf94c18aa0_0 .net "OUT2ADDRESS", 2 0, o0x7fdf94f32158;  0 drivers
o0x7fdf94f32188 .functor BUFZ 1, C4<z>; HiZ drive
v0x7fdf94c18b50_0 .net "RESET", 0 0, o0x7fdf94f32188;  0 drivers
o0x7fdf94f321b8 .functor BUFZ 1, C4<z>; HiZ drive
v0x7fdf94c18c60_0 .net "WRITE", 0 0, o0x7fdf94f321b8;  0 drivers
v0x7fdf94c18cf0_0 .var/i "i", 31 0;
v0x7fdf94c18da0_0 .var/i "idx", 31 0;
v0x7fdf94c18e50 .array "registers", 0 7, 7 0;
E_0x7fdf94c08080 .event edge, v0x7fdf94c18c60_0, v0x7fdf94c18b50_0, v0x7fdf94c18aa0_0, v0x7fdf94c18940_0;
E_0x7fdf94c081c0 .event posedge, v0x7fdf94c18640_0;
    .scope S_0x7fdf94c08360;
T_0 ;
    %vpi_call 2 19 "$dumpfile", "cpu_wavedata.vcd" {0 0 0};
    %pushi/vec4 0, 0, 32;
    %store/vec4 v0x7fdf94c18da0_0, 0, 32;
T_0.0 ;
    %load/vec4 v0x7fdf94c18da0_0;
    %cmpi/s 8, 0, 32;
    %jmp/0xz T_0.1, 5;
    %vpi_call 2 22 "$dumpvars", 32'sb00000000000000000000000000000000, &A<v0x7fdf94c18e50, v0x7fdf94c18da0_0 > {0 0 0};
    %load/vec4 v0x7fdf94c18da0_0;
    %addi 1, 0, 32;
    %store/vec4 v0x7fdf94c18da0_0, 0, 32;
    %jmp T_0.0;
T_0.1 ;
    %end;
    .thread T_0;
    .scope S_0x7fdf94c08360;
T_1 ;
    %wait E_0x7fdf94c081c0;
    %load/vec4 v0x7fdf94c18b50_0;
    %flag_set/vec4 8;
    %jmp/0xz  T_1.0, 8;
    %pushi/vec4 0, 0, 32;
    %store/vec4 v0x7fdf94c18cf0_0, 0, 32;
T_1.2 ;
    %load/vec4 v0x7fdf94c18cf0_0;
    %cmpi/s 7, 0, 32;
    %flag_or 5, 4;
    %jmp/0xz T_1.3, 5;
    %pushi/vec4 0, 0, 8;
    %ix/getv/s 3, v0x7fdf94c18cf0_0;
    %ix/load 4, 10, 0; Constant delay
    %assign/vec4/a/d v0x7fdf94c18e50, 0, 4;
    %load/vec4 v0x7fdf94c18cf0_0;
    %addi 1, 0, 32;
    %store/vec4 v0x7fdf94c18cf0_0, 0, 32;
    %jmp T_1.2;
T_1.3 ;
T_1.0 ;
    %load/vec4 v0x7fdf94c18b50_0;
    %nor/r;
    %load/vec4 v0x7fdf94c18c60_0;
    %and;
    %load/vec4 v0x7fdf94c085b0_0;
    %nor/r;
    %and;
    %flag_set/vec4 8;
    %jmp/0xz  T_1.4, 8;
    %delay 10, 0;
    %load/vec4 v0x7fdf94c186e0_0;
    %load/vec4 v0x7fdf94c187a0_0;
    %pad/u 5;
    %ix/vec4 4;
    %store/vec4a v0x7fdf94c18e50, 4, 0;
T_1.4 ;
    %jmp T_1;
    .thread T_1;
    .scope S_0x7fdf94c08360;
T_2 ;
    %wait E_0x7fdf94c08080;
    %load/vec4 v0x7fdf94c18c60_0;
    %nor/r;
    %flag_set/vec4 8;
    %jmp/0xz  T_2.0, 8;
    %load/vec4 v0x7fdf94c18940_0;
    %pad/u 5;
    %ix/vec4 4;
    %load/vec4a v0x7fdf94c18e50, 4;
    %assign/vec4 v0x7fdf94c18850_0, 20;
    %load/vec4 v0x7fdf94c18aa0_0;
    %pad/u 5;
    %ix/vec4 4;
    %load/vec4a v0x7fdf94c18e50, 4;
    %assign/vec4 v0x7fdf94c189f0_0, 20;
T_2.0 ;
    %jmp T_2;
    .thread T_2, $push;
# The file index is used to find the file name in the following table.
:file_names 3;
    "N/A";
    "<interactive>";
    "Part2.v";
